[2026-01-28T22:08:37] [t] [term://~/.config/nvim//64722:/opt/homebrew/bin/yazi] j
[2026-01-28T22:08:37] [t] [term://~/.config/nvim//64722:/opt/homebrew/bin/yazi] k
[2026-01-28T22:08:37] [t] [term://~/.config/nvim//64722:/opt/homebrew/bin/yazi] l
[2026-01-28T22:08:38] [t] [term://~/.config/nvim//64722:/opt/homebrew/bin/yazi] h
[2026-01-28T22:08:39] [t] [term://~/.config/nvim//64722:/opt/homebrew/bin/yazi] j
[2026-01-28T22:08:39] [t] [term://~/.config/nvim//64722:/opt/homebrew/bin/yazi] l
[2026-01-28T22:08:40] [t] [term://~/.config/nvim//64722:/opt/homebrew/bin/yazi] j
[2026-01-28T22:08:40] [t] [term://~/.config/nvim//64722:/opt/homebrew/bin/yazi] j
[2026-01-28T22:08:40] [t] [term://~/.config/nvim//64722:/opt/homebrew/bin/yazi] j
[2026-01-28T22:08:42] [t] [term://~/.config/nvim//64722:/opt/homebrew/bin/yazi] 
[2026-01-28T22:08:42] [n] [/Users/jarrodfolino/.config/nvim/lua/community.lua]  
[2026-01-28T22:08:43] [n] [/Users/jarrodfolino/.config/nvim/lua/community.lua] s
[2026-01-28T22:08:43] [n] [/Users/jarrodfolino/.config/nvim/lua/community.lua]  s
[2026-01-28T22:08:44] [n] [/Users/jarrodfolino/.config/nvim/lua/community.lua] 
[2026-01-28T22:08:44] [n] [/Users/jarrodfolino/.config/nvim/lua/community.lua] 
[2026-01-28T22:08:44] [n] [/Users/jarrodfolino/.config/nvim/lua/community.lua]  
[2026-01-28T22:08:47] [n] [/Users/jarrodfolino/.config/nvim/lua/community.lua] l
[2026-01-28T22:08:48] [n] [/Users/jarrodfolino/.config/nvim/lua/community.lua] s
[2026-01-28T22:08:48] [n] [/Users/jarrodfolino/.config/nvim/lua/community.lua]  ls
[2026-01-28T22:08:48] [n] [] 
[2026-01-28T22:08:48] [n] [] 
[2026-01-28T22:08:48] [n] [] 
[2026-01-28T22:08:48] [n] [] 
[2026-01-28T22:08:49] [i] [] j
[2026-01-28T22:08:49] [i] [] j
[2026-01-28T22:08:49] [i] [] 
[2026-01-28T22:08:49] [i] [] 
[2026-01-28T22:08:49] [n] [] 
[2026-01-28T22:08:49] [n] [] 
[2026-01-28T22:08:49] [n] [] 
[2026-01-28T22:08:49] [n] [] 
[2026-01-28T22:08:49] [n] [] j
[2026-01-28T22:08:49] [n] [] 
[2026-01-28T22:08:49] [n] [] 
[2026-01-28T22:08:49] [n] [] 
[2026-01-28T22:08:49] [n] [] 
[2026-01-28T22:08:50] [n] [] j
[2026-01-28T22:08:50] [n] [] 
[2026-01-28T22:08:50] [n] [] 
[2026-01-28T22:08:50] [n] [] 
[2026-01-28T22:08:50] [n] [] 
[2026-01-28T22:08:50] [n] [] j
[2026-01-28T22:08:50] [n] [] 
[2026-01-28T22:08:50] [n] [] 
[2026-01-28T22:08:50] [n] [] 
[2026-01-28T22:08:50] [n] [] 
[2026-01-28T22:08:50] [n] [] j
[2026-01-28T22:08:50] [n] [] 
[2026-01-28T22:08:50] [n] [] 
[2026-01-28T22:08:50] [n] [] 
[2026-01-28T22:08:50] [n] [] 
[2026-01-28T22:08:50] [n] [] j
[2026-01-28T22:08:50] [n] [] 
[2026-01-28T22:08:50] [n] [] 
[2026-01-28T22:08:50] [n] [] 
[2026-01-28T22:08:50] [n] [] 
[2026-01-28T22:08:51] [n] [] j
[2026-01-28T22:08:51] [n] [] 
[2026-01-28T22:08:51] [n] [] 
[2026-01-28T22:08:51] [n] [] 
[2026-01-28T22:08:51] [n] [] 
[2026-01-28T22:08:51] [n] [] j
[2026-01-28T22:08:51] [n] [] 
[2026-01-28T22:08:51] [n] [] 
[2026-01-28T22:08:51] [n] [] 
[2026-01-28T22:08:51] [n] [] 
[2026-01-28T22:08:51] [n] [] j
[2026-01-28T22:08:51] [n] [] 
[2026-01-28T22:08:51] [n] [] 
[2026-01-28T22:08:51] [n] [] 
[2026-01-28T22:08:51] [n] [] 
[2026-01-28T22:08:51] [n] [] j
[2026-01-28T22:08:51] [n] [] 
[2026-01-28T22:08:51] [n] [] 
[2026-01-28T22:08:51] [n] [] 
[2026-01-28T22:08:51] [n] [] 
[2026-01-28T22:08:52] [n] [] j
[2026-01-28T22:08:52] [n] [] 
[2026-01-28T22:08:52] [n] [] 
[2026-01-28T22:08:52] [n] [] 
[2026-01-28T22:08:52] [n] [] 
[2026-01-28T22:08:52] [n] [] j
[2026-01-28T22:08:52] [n] [] 
[2026-01-28T22:08:52] [n] [] 
[2026-01-28T22:08:52] [n] [] 
[2026-01-28T22:08:52] [n] [] 
[2026-01-28T22:08:53] [n] [] k
[2026-01-28T22:08:53] [n] [] 
[2026-01-28T22:08:53] [n] [] 
[2026-01-28T22:08:53] [n] [] 
[2026-01-28T22:08:53] [n] [] 
[2026-01-28T22:08:53] [n] [] k
[2026-01-28T22:08:53] [n] [] 
[2026-01-28T22:08:53] [n] [] 
[2026-01-28T22:08:53] [n] [] 
[2026-01-28T22:08:53] [n] [] 
[2026-01-28T22:08:53] [n] [] k
[2026-01-28T22:08:53] [n] [] 
[2026-01-28T22:08:53] [n] [] 
[2026-01-28T22:08:53] [n] [] 
[2026-01-28T22:08:53] [n] [] 
[2026-01-28T22:08:53] [n] [] k
[2026-01-28T22:08:53] [n] [] 
[2026-01-28T22:08:53] [n] [] 
[2026-01-28T22:08:53] [n] [] 
[2026-01-28T22:08:53] [n] [] 
[2026-01-28T22:08:53] [n] [] k
[2026-01-28T22:08:53] [n] [] 
[2026-01-28T22:08:53] [n] [] 
[2026-01-28T22:08:53] [n] [] 
[2026-01-28T22:08:53] [n] [] 
[2026-01-28T22:08:55] [n] [] k
[2026-01-28T22:08:55] [n] [] 
[2026-01-28T22:08:55] [n] [] 
[2026-01-28T22:08:55] [n] [] 
[2026-01-28T22:08:55] [n] [] 
[2026-01-28T22:08:56] [n] [] 
[2026-01-28T22:08:57] [n] [/Users/jarrodfolino/.config/nvim/lua/community.lua] 
[2026-01-28T22:08:57] [n] [/Users/jarrodfolino/.config/nvim/lua/community.lua]  
[2026-01-28T22:08:58] [n] [/Users/jarrodfolino/.config/nvim/lua/community.lua] l
[2026-01-28T22:09:00] [n] [/Users/jarrodfolino/.config/nvim/lua/community.lua] a
[2026-01-28T22:09:00] [n] [/Users/jarrodfolino/.config/nvim/lua/community.lua]  la
[2026-01-28T22:09:02] [n] [/Users/jarrodfolino/.config/nvim/lua/community.lua]  
[2026-01-28T22:09:04] [n] [/Users/jarrodfolino/.config/nvim/lua/community.lua] l
[2026-01-28T22:09:06] [n] [/Users/jarrodfolino/.config/nvim/lua/community.lua] f
[2026-01-28T22:09:06] [n] [/Users/jarrodfolino/.config/nvim/lua/community.lua]  lf
[2026-01-28T22:09:06] [n] [/Users/jarrodfolino/.config/nvim/lua/community.lua]  
[2026-01-28T22:09:08] [n] [/Users/jarrodfolino/.config/nvim/lua/community.lua] l
[2026-01-28T22:09:12] [n] [/Users/jarrodfolino/.config/nvim/lua/community.lua] G
[2026-01-28T22:09:12] [n] [/Users/jarrodfolino/.config/nvim/lua/community.lua]  lG
[2026-01-28T22:09:15] [c] [/Users/jarrodfolino/.config/nvim/lua/community.lua] r
[2026-01-28T22:09:15] [c] [/Users/jarrodfolino/.config/nvim/lua/community.lua] e
[2026-01-28T22:09:15] [c] [/Users/jarrodfolino/.config/nvim/lua/community.lua] t
[2026-01-28T22:09:16] [c] [/Users/jarrodfolino/.config/nvim/lua/community.lua] u
[2026-01-28T22:09:16] [c] [/Users/jarrodfolino/.config/nvim/lua/community.lua] r
[2026-01-28T22:09:16] [c] [/Users/jarrodfolino/.config/nvim/lua/community.lua] n
[2026-01-28T22:09:17] [c] [/Users/jarrodfolino/.config/nvim/lua/community.lua] 
[2026-01-28T22:09:19] [n] [] €kd
[2026-01-28T22:09:20] [n] [] €kd
[2026-01-28T22:09:20] [n] [] j
[2026-01-28T22:09:20] [n] [] 
[2026-01-28T22:09:20] [n] [] j
[2026-01-28T22:09:20] [n] [] 
[2026-01-28T22:09:20] [n] [] j
[2026-01-28T22:09:20] [n] [] 
[2026-01-28T22:09:21] [n] [] 
[2026-01-28T22:09:23] [n] [/Users/jarrodfolino/.local/share/nvim/lazy/lazy.nvim/lua/lazy/manage/runner.lua]  
[2026-01-28T22:09:25] [n] [/Users/jarrodfolino/.local/share/nvim/lazy/lazy.nvim/lua/lazy/manage/runner.lua] l
[2026-01-28T22:09:30] [n] [/Users/jarrodfolino/.local/share/nvim/lazy/lazy.nvim/lua/lazy/manage/runner.lua] 
[2026-01-28T22:09:30] [n] [/Users/jarrodfolino/.local/share/nvim/lazy/lazy.nvim/lua/lazy/manage/runner.lua] 
[2026-01-28T22:09:31] [n] [/Users/jarrodfolino/.local/share/nvim/lazy/lazy.nvim/lua/lazy/manage/runner.lua] 
[2026-01-28T22:09:32] [n] [/Users/jarrodfolino/.local/share/nvim/lazy/lazy.nvim/lua/lazy/manage/runner.lua] 
[2026-01-28T22:09:32] [n] [/Users/jarrodfolino/.local/share/nvim/lazy/lazy.nvim/lua/lazy/manage/runner.lua]  
[2026-01-28T22:09:33] [n] [/Users/jarrodfolino/.local/share/nvim/lazy/lazy.nvim/lua/lazy/manage/runner.lua] w
[2026-01-28T22:09:33] [n] [/Users/jarrodfolino/.local/share/nvim/lazy/lazy.nvim/lua/lazy/manage/runner.lua]  w
[2026-01-28T22:09:34] [n] [/Users/jarrodfolino/.local/share/nvim/lazy/lazy.nvim/lua/lazy/manage/runner.lua]  
[2026-01-28T22:09:36] [n] [/Users/jarrodfolino/.local/share/nvim/lazy/lazy.nvim/lua/lazy/manage/runner.lua] 
[2026-01-28T22:09:36] [n] [/Users/jarrodfolino/.local/share/nvim/lazy/lazy.nvim/lua/lazy/manage/runner.lua]  
[2026-01-28T22:09:36] [n] [/Users/jarrodfolino/.local/share/nvim/lazy/lazy.nvim/lua/lazy/manage/runner.lua] 
[2026-01-28T22:14:07] [t] [term://~/Code/sandbox/golang//71672:/opt/homebrew/bin/yazi] j
[2026-01-28T22:14:07] [t] [term://~/Code/sandbox/golang//71672:/opt/homebrew/bin/yazi] j
[2026-01-28T22:14:09] [t] [term://~/Code/sandbox/golang//71672:/opt/homebrew/bin/yazi] j
[2026-01-28T22:14:10] [t] [term://~/Code/sandbox/golang//71672:/opt/homebrew/bin/yazi]  
[2026-01-28T22:14:12] [t] [term://~/Code/sandbox/golang//71672:/opt/homebrew/bin/yazi] 
[2026-01-28T22:14:14] [n] [/Users/jarrodfolino/Code/sandbox/golang/main_test.go] €üC
[2026-01-28T22:14:16] [t] [term://~/Code/sandbox/golang//71844:go run main.go;#toggleterm#1] q
[2026-01-28T22:14:18] [n] [/Users/jarrodfolino/Code/sandbox/golang/main_test.go] €üC
[2026-01-28T22:14:19] [t] [term://~/Code/sandbox/golang//71851:go run main.go;#toggleterm#1] q
[2026-01-28T22:14:21] [n] [/Users/jarrodfolino/Code/sandbox/golang/main_test.go]  
[2026-01-28T22:14:22] [n] [/Users/jarrodfolino/Code/sandbox/golang/main_test.go] g
[2026-01-28T22:14:22] [n] [/Users/jarrodfolino/Code/sandbox/golang/main_test.go] g
[2026-01-28T22:14:22] [n] [/Users/jarrodfolino/Code/sandbox/golang/main_test.go]  gg
[2026-01-28T22:14:25] [t] [term://~/Code/sandbox/golang//71856:lazygit ;#toggleterm#101] j
[2026-01-28T22:14:25] [t] [term://~/Code/sandbox/golang//71856:lazygit ;#toggleterm#101] j
[2026-01-28T22:14:25] [t] [term://~/Code/sandbox/golang//71856:lazygit ;#toggleterm#101] j
[2026-01-28T22:14:26] [t] [term://~/Code/sandbox/golang//71856:lazygit ;#toggleterm#101] j
[2026-01-28T22:14:26] [t] [term://~/Code/sandbox/golang//71856:lazygit ;#toggleterm#101] j
[2026-01-28T22:14:26] [t] [term://~/Code/sandbox/golang//71856:lazygit ;#toggleterm#101] j
[2026-01-28T22:14:26] [t] [term://~/Code/sandbox/golang//71856:lazygit ;#toggleterm#101] j
[2026-01-28T22:14:27] [t] [term://~/Code/sandbox/golang//71856:lazygit ;#toggleterm#101] j
[2026-01-28T22:14:27] [t] [term://~/Code/sandbox/golang//71856:lazygit ;#toggleterm#101] j
[2026-01-28T22:14:27] [t] [term://~/Code/sandbox/golang//71856:lazygit ;#toggleterm#101] j
[2026-01-28T22:14:27] [t] [term://~/Code/sandbox/golang//71856:lazygit ;#toggleterm#101] j
[2026-01-28T22:14:27] [t] [term://~/Code/sandbox/golang//71856:lazygit ;#toggleterm#101] j
[2026-01-28T22:14:27] [t] [term://~/Code/sandbox/golang//71856:lazygit ;#toggleterm#101] j
[2026-01-28T22:14:27] [t] [term://~/Code/sandbox/golang//71856:lazygit ;#toggleterm#101] j
[2026-01-28T22:14:27] [t] [term://~/Code/sandbox/golang//71856:lazygit ;#toggleterm#101] j
[2026-01-28T22:14:27] [t] [term://~/Code/sandbox/golang//71856:lazygit ;#toggleterm#101] j
[2026-01-28T22:14:27] [t] [term://~/Code/sandbox/golang//71856:lazygit ;#toggleterm#101] j
[2026-01-28T22:14:27] [t] [term://~/Code/sandbox/golang//71856:lazygit ;#toggleterm#101] j
[2026-01-28T22:14:29] [t] [term://~/Code/sandbox/golang//71856:lazygit ;#toggleterm#101] k
[2026-01-28T22:14:29] [t] [term://~/Code/sandbox/golang//71856:lazygit ;#toggleterm#101] k
[2026-01-28T22:14:29] [t] [term://~/Code/sandbox/golang//71856:lazygit ;#toggleterm#101] k
[2026-01-28T22:14:29] [t] [term://~/Code/sandbox/golang//71856:lazygit ;#toggleterm#101] k
[2026-01-28T22:14:32] [t] [term://~/Code/sandbox/golang//71856:lazygit ;#toggleterm#101] k
[2026-01-28T22:14:32] [t] [term://~/Code/sandbox/golang//71856:lazygit ;#toggleterm#101] k
[2026-01-28T22:14:32] [t] [term://~/Code/sandbox/golang//71856:lazygit ;#toggleterm#101] k
[2026-01-28T22:14:32] [t] [term://~/Code/sandbox/golang//71856:lazygit ;#toggleterm#101] k
[2026-01-28T22:14:33] [t] [term://~/Code/sandbox/golang//71856:lazygit ;#toggleterm#101] k
[2026-01-28T22:14:33] [t] [term://~/Code/sandbox/golang//71856:lazygit ;#toggleterm#101] k
[2026-01-28T22:14:33] [t] [term://~/Code/sandbox/golang//71856:lazygit ;#toggleterm#101] k
[2026-01-28T22:14:34] [t] [term://~/Code/sandbox/golang//71856:lazygit ;#toggleterm#101] j
[2026-01-28T22:14:34] [t] [term://~/Code/sandbox/golang//71856:lazygit ;#toggleterm#101]  
[2026-01-28T22:14:34] [t] [term://~/Code/sandbox/golang//71856:lazygit ;#toggleterm#101] k
[2026-01-28T22:14:35] [t] [term://~/Code/sandbox/golang//71856:lazygit ;#toggleterm#101] k
[2026-01-28T22:14:35] [t] [term://~/Code/sandbox/golang//71856:lazygit ;#toggleterm#101] k
[2026-01-28T22:14:35] [t] [term://~/Code/sandbox/golang//71856:lazygit ;#toggleterm#101] k
[2026-01-28T22:14:39] [t] [term://~/Code/sandbox/golang//71856:lazygit ;#toggleterm#101] k
[2026-01-28T22:14:39] [t] [term://~/Code/sandbox/golang//71856:lazygit ;#toggleterm#101] k
[2026-01-28T22:14:39] [t] [term://~/Code/sandbox/golang//71856:lazygit ;#toggleterm#101] k
[2026-01-28T22:14:40] [t] [term://~/Code/sandbox/golang//71856:lazygit ;#toggleterm#101] k
[2026-01-28T22:14:40] [t] [term://~/Code/sandbox/golang//71856:lazygit ;#toggleterm#101] j
[2026-01-28T22:14:42] [t] [term://~/Code/sandbox/golang//71856:lazygit ;#toggleterm#101]  
[2026-01-28T22:14:42] [t] [term://~/Code/sandbox/golang//71856:lazygit ;#toggleterm#101] j
[2026-01-28T22:14:43] [t] [term://~/Code/sandbox/golang//71856:lazygit ;#toggleterm#101] j
[2026-01-28T22:14:43] [t] [term://~/Code/sandbox/golang//71856:lazygit ;#toggleterm#101] j
[2026-01-28T22:14:43] [t] [term://~/Code/sandbox/golang//71856:lazygit ;#toggleterm#101]  
[2026-01-28T22:14:44] [t] [term://~/Code/sandbox/golang//71856:lazygit ;#toggleterm#101] j
[2026-01-28T22:14:44] [t] [term://~/Code/sandbox/golang//71856:lazygit ;#toggleterm#101] j
[2026-01-28T22:14:44] [t] [term://~/Code/sandbox/golang//71856:lazygit ;#toggleterm#101] j
[2026-01-28T22:14:44] [t] [term://~/Code/sandbox/golang//71856:lazygit ;#toggleterm#101] j
[2026-01-28T22:14:45] [t] [term://~/Code/sandbox/golang//71856:lazygit ;#toggleterm#101] j
[2026-01-28T22:14:45] [t] [term://~/Code/sandbox/golang//71856:lazygit ;#toggleterm#101] j
[2026-01-28T22:14:45] [t] [term://~/Code/sandbox/golang//71856:lazygit ;#toggleterm#101] j
[2026-01-28T22:14:45] [t] [term://~/Code/sandbox/golang//71856:lazygit ;#toggleterm#101] j
[2026-01-28T22:14:45] [t] [term://~/Code/sandbox/golang//71856:lazygit ;#toggleterm#101] j
[2026-01-28T22:14:46] [t] [term://~/Code/sandbox/golang//71856:lazygit ;#toggleterm#101] j
[2026-01-28T22:14:46] [t] [term://~/Code/sandbox/golang//71856:lazygit ;#toggleterm#101]  
[2026-01-28T22:14:48] [t] [term://~/Code/sandbox/golang//71856:lazygit ;#toggleterm#101] j
[2026-01-28T22:14:48] [t] [term://~/Code/sandbox/golang//71856:lazygit ;#toggleterm#101] j
[2026-01-28T22:14:48] [t] [term://~/Code/sandbox/golang//71856:lazygit ;#toggleterm#101] j
[2026-01-28T22:14:48] [t] [term://~/Code/sandbox/golang//71856:lazygit ;#toggleterm#101] j
[2026-01-28T22:14:49] [t] [term://~/Code/sandbox/golang//71856:lazygit ;#toggleterm#101] j
[2026-01-28T22:14:49] [t] [term://~/Code/sandbox/golang//71856:lazygit ;#toggleterm#101] j
[2026-01-28T22:14:49] [t] [term://~/Code/sandbox/golang//71856:lazygit ;#toggleterm#101] j
[2026-01-28T22:14:49] [t] [term://~/Code/sandbox/golang//71856:lazygit ;#toggleterm#101] j
[2026-01-28T22:14:49] [t] [term://~/Code/sandbox/golang//71856:lazygit ;#toggleterm#101] j
[2026-01-28T22:14:49] [t] [term://~/Code/sandbox/golang//71856:lazygit ;#toggleterm#101] j
[2026-01-28T22:14:49] [t] [term://~/Code/sandbox/golang//71856:lazygit ;#toggleterm#101] j
[2026-01-28T22:14:49] [t] [term://~/Code/sandbox/golang//71856:lazygit ;#toggleterm#101] j
[2026-01-28T22:14:49] [t] [term://~/Code/sandbox/golang//71856:lazygit ;#toggleterm#101] j
[2026-01-28T22:14:49] [t] [term://~/Code/sandbox/golang//71856:lazygit ;#toggleterm#101] j
[2026-01-28T22:14:49] [t] [term://~/Code/sandbox/golang//71856:lazygit ;#toggleterm#101] j
[2026-01-28T22:14:49] [t] [term://~/Code/sandbox/golang//71856:lazygit ;#toggleterm#101] j
[2026-01-28T22:14:50] [t] [term://~/Code/sandbox/golang//71856:lazygit ;#toggleterm#101] j
[2026-01-28T22:14:50] [t] [term://~/Code/sandbox/golang//71856:lazygit ;#toggleterm#101] j
[2026-01-28T22:14:50] [t] [term://~/Code/sandbox/golang//71856:lazygit ;#toggleterm#101] j
[2026-01-28T22:14:50] [t] [term://~/Code/sandbox/golang//71856:lazygit ;#toggleterm#101] j
[2026-01-28T22:14:50] [t] [term://~/Code/sandbox/golang//71856:lazygit ;#toggleterm#101] j
[2026-01-28T22:14:50] [t] [term://~/Code/sandbox/golang//71856:lazygit ;#toggleterm#101] j
[2026-01-28T22:14:50] [t] [term://~/Code/sandbox/golang//71856:lazygit ;#toggleterm#101] j
[2026-01-28T22:14:50] [t] [term://~/Code/sandbox/golang//71856:lazygit ;#toggleterm#101] j
[2026-01-28T22:14:50] [t] [term://~/Code/sandbox/golang//71856:lazygit ;#toggleterm#101] j
[2026-01-28T22:14:50] [t] [term://~/Code/sandbox/golang//71856:lazygit ;#toggleterm#101] j
[2026-01-28T22:14:50] [t] [term://~/Code/sandbox/golang//71856:lazygit ;#toggleterm#101] j
[2026-01-28T22:14:50] [t] [term://~/Code/sandbox/golang//71856:lazygit ;#toggleterm#101] j
[2026-01-28T22:14:51] [t] [term://~/Code/sandbox/golang//71856:lazygit ;#toggleterm#101] j
[2026-01-28T22:14:51] [t] [term://~/Code/sandbox/golang//71856:lazygit ;#toggleterm#101] j
[2026-01-28T22:14:51] [t] [term://~/Code/sandbox/golang//71856:lazygit ;#toggleterm#101] j
[2026-01-28T22:14:51] [t] [term://~/Code/sandbox/golang//71856:lazygit ;#toggleterm#101] j
[2026-01-28T22:14:51] [t] [term://~/Code/sandbox/golang//71856:lazygit ;#toggleterm#101] j
[2026-01-28T22:14:51] [t] [term://~/Code/sandbox/golang//71856:lazygit ;#toggleterm#101] j
[2026-01-28T22:14:51] [t] [term://~/Code/sandbox/golang//71856:lazygit ;#toggleterm#101] j
[2026-01-28T22:14:51] [t] [term://~/Code/sandbox/golang//71856:lazygit ;#toggleterm#101] j
[2026-01-28T22:14:51] [t] [term://~/Code/sandbox/golang//71856:lazygit ;#toggleterm#101] j
[2026-01-28T22:14:51] [t] [term://~/Code/sandbox/golang//71856:lazygit ;#toggleterm#101] j
[2026-01-28T22:14:51] [t] [term://~/Code/sandbox/golang//71856:lazygit ;#toggleterm#101] j
[2026-01-28T22:14:51] [t] [term://~/Code/sandbox/golang//71856:lazygit ;#toggleterm#101] j
[2026-01-28T22:14:52] [t] [term://~/Code/sandbox/golang//71856:lazygit ;#toggleterm#101] j
[2026-01-28T22:14:52] [t] [term://~/Code/sandbox/golang//71856:lazygit ;#toggleterm#101] j
[2026-01-28T22:14:52] [t] [term://~/Code/sandbox/golang//71856:lazygit ;#toggleterm#101] j
[2026-01-28T22:14:52] [t] [term://~/Code/sandbox/golang//71856:lazygit ;#toggleterm#101] j
[2026-01-28T22:14:52] [t] [term://~/Code/sandbox/golang//71856:lazygit ;#toggleterm#101] j
[2026-01-28T22:14:52] [t] [term://~/Code/sandbox/golang//71856:lazygit ;#toggleterm#101] j
[2026-01-28T22:14:53] [t] [term://~/Code/sandbox/golang//71856:lazygit ;#toggleterm#101] h
[2026-01-28T22:14:57] [t] [term://~/Code/sandbox/golang//71856:lazygit ;#toggleterm#101] 2
[2026-01-28T22:14:58] [t] [term://~/Code/sandbox/golang//71856:lazygit ;#toggleterm#101] h
[2026-01-28T22:15:00] [t] [term://~/Code/sandbox/golang//71856:lazygit ;#toggleterm#101] j
[2026-01-28T22:15:01] [t] [term://~/Code/sandbox/golang//71856:lazygit ;#toggleterm#101] l
[2026-01-28T22:15:04] [t] [term://~/Code/sandbox/golang//71856:lazygit ;#toggleterm#101] €ýL
[2026-01-28T22:15:04] [t] [term://~/Code/sandbox/golang//71856:lazygit ;#toggleterm#101] €ýL
[2026-01-28T22:15:04] [t] [term://~/Code/sandbox/golang//71856:lazygit ;#toggleterm#101] €ýL
[2026-01-28T22:15:04] [t] [term://~/Code/sandbox/golang//71856:lazygit ;#toggleterm#101] €ýL
[2026-01-28T22:15:04] [t] [term://~/Code/sandbox/golang//71856:lazygit ;#toggleterm#101] €ýL
[2026-01-28T22:15:04] [t] [term://~/Code/sandbox/golang//71856:lazygit ;#toggleterm#101] €ýL
[2026-01-28T22:15:04] [t] [term://~/Code/sandbox/golang//71856:lazygit ;#toggleterm#101] €ýL
[2026-01-28T22:15:04] [t] [term://~/Code/sandbox/golang//71856:lazygit ;#toggleterm#101] €ýL
[2026-01-28T22:15:04] [t] [term://~/Code/sandbox/golang//71856:lazygit ;#toggleterm#101] €ýL
[2026-01-28T22:15:04] [t] [term://~/Code/sandbox/golang//71856:lazygit ;#toggleterm#101] €ýL
[2026-01-28T22:15:04] [t] [term://~/Code/sandbox/golang//71856:lazygit ;#toggleterm#101] €ýL
[2026-01-28T22:15:04] [t] [term://~/Code/sandbox/golang//71856:lazygit ;#toggleterm#101] €ýL
[2026-01-28T22:15:04] [t] [term://~/Code/sandbox/golang//71856:lazygit ;#toggleterm#101] €ýL
[2026-01-28T22:15:04] [t] [term://~/Code/sandbox/golang//71856:lazygit ;#toggleterm#101] €ýL
[2026-01-28T22:15:04] [t] [term://~/Code/sandbox/golang//71856:lazygit ;#toggleterm#101] €ýL
[2026-01-28T22:15:04] [t] [term://~/Code/sandbox/golang//71856:lazygit ;#toggleterm#101] €ýL
[2026-01-28T22:15:04] [t] [term://~/Code/sandbox/golang//71856:lazygit ;#toggleterm#101] €ýL
[2026-01-28T22:15:04] [t] [term://~/Code/sandbox/golang//71856:lazygit ;#toggleterm#101] €ýL
[2026-01-28T22:15:04] [t] [term://~/Code/sandbox/golang//71856:lazygit ;#toggleterm#101] €ýL
[2026-01-28T22:15:04] [t] [term://~/Code/sandbox/golang//71856:lazygit ;#toggleterm#101] €ýL
[2026-01-28T22:15:04] [t] [term://~/Code/sandbox/golang//71856:lazygit ;#toggleterm#101] €ýL
[2026-01-28T22:15:04] [t] [term://~/Code/sandbox/golang//71856:lazygit ;#toggleterm#101] €ýL
[2026-01-28T22:15:04] [t] [term://~/Code/sandbox/golang//71856:lazygit ;#toggleterm#101] €ýL
[2026-01-28T22:15:04] [t] [term://~/Code/sandbox/golang//71856:lazygit ;#toggleterm#101] €ýL
[2026-01-28T22:15:04] [t] [term://~/Code/sandbox/golang//71856:lazygit ;#toggleterm#101] €ýL
[2026-01-28T22:15:04] [t] [term://~/Code/sandbox/golang//71856:lazygit ;#toggleterm#101] €ýL
[2026-01-28T22:15:04] [t] [term://~/Code/sandbox/golang//71856:lazygit ;#toggleterm#101] €ýL
[2026-01-28T22:15:04] [t] [term://~/Code/sandbox/golang//71856:lazygit ;#toggleterm#101] €ýL
[2026-01-28T22:15:04] [t] [term://~/Code/sandbox/golang//71856:lazygit ;#toggleterm#101] €ýL
[2026-01-28T22:15:04] [t] [term://~/Code/sandbox/golang//71856:lazygit ;#toggleterm#101] €ýL
[2026-01-28T22:15:04] [t] [term://~/Code/sandbox/golang//71856:lazygit ;#toggleterm#101] €ýL
[2026-01-28T22:15:04] [t] [term://~/Code/sandbox/golang//71856:lazygit ;#toggleterm#101] €ýL
[2026-01-28T22:15:04] [t] [term://~/Code/sandbox/golang//71856:lazygit ;#toggleterm#101] €ýL
[2026-01-28T22:15:04] [t] [term://~/Code/sandbox/golang//71856:lazygit ;#toggleterm#101] €ýL
[2026-01-28T22:15:04] [t] [term://~/Code/sandbox/golang//71856:lazygit ;#toggleterm#101] €ýL
[2026-01-28T22:15:04] [t] [term://~/Code/sandbox/golang//71856:lazygit ;#toggleterm#101] €ýL
[2026-01-28T22:15:04] [t] [term://~/Code/sandbox/golang//71856:lazygit ;#toggleterm#101] €ýL
[2026-01-28T22:15:04] [t] [term://~/Code/sandbox/golang//71856:lazygit ;#toggleterm#101] €ýL
[2026-01-28T22:15:04] [t] [term://~/Code/sandbox/golang//71856:lazygit ;#toggleterm#101] €ýL
[2026-01-28T22:15:04] [t] [term://~/Code/sandbox/golang//71856:lazygit ;#toggleterm#101] €ýL
[2026-01-28T22:15:04] [t] [term://~/Code/sandbox/golang//71856:lazygit ;#toggleterm#101] €ýL
[2026-01-28T22:15:04] [t] [term://~/Code/sandbox/golang//71856:lazygit ;#toggleterm#101] €ýL
[2026-01-28T22:15:04] [t] [term://~/Code/sandbox/golang//71856:lazygit ;#toggleterm#101] €ýL
[2026-01-28T22:15:04] [t] [term://~/Code/sandbox/golang//71856:lazygit ;#toggleterm#101] €ýL
[2026-01-28T22:15:04] [t] [term://~/Code/sandbox/golang//71856:lazygit ;#toggleterm#101] €ýL
[2026-01-28T22:15:04] [t] [term://~/Code/sandbox/golang//71856:lazygit ;#toggleterm#101] €ýL
[2026-01-28T22:15:04] [t] [term://~/Code/sandbox/golang//71856:lazygit ;#toggleterm#101] €ýL
[2026-01-28T22:15:04] [t] [term://~/Code/sandbox/golang//71856:lazygit ;#toggleterm#101] €ýL
[2026-01-28T22:15:04] [t] [term://~/Code/sandbox/golang//71856:lazygit ;#toggleterm#101] €ýL
[2026-01-28T22:15:04] [t] [term://~/Code/sandbox/golang//71856:lazygit ;#toggleterm#101] €ýL
[2026-01-28T22:15:04] [t] [term://~/Code/sandbox/golang//71856:lazygit ;#toggleterm#101] €ýL
[2026-01-28T22:15:04] [t] [term://~/Code/sandbox/golang//71856:lazygit ;#toggleterm#101] €ýL
[2026-01-28T22:15:04] [t] [term://~/Code/sandbox/golang//71856:lazygit ;#toggleterm#101] €ýL
[2026-01-28T22:15:04] [t] [term://~/Code/sandbox/golang//71856:lazygit ;#toggleterm#101] €ýL
[2026-01-28T22:15:04] [t] [term://~/Code/sandbox/golang//71856:lazygit ;#toggleterm#101] €ýL
[2026-01-28T22:15:04] [t] [term://~/Code/sandbox/golang//71856:lazygit ;#toggleterm#101] €ýL
[2026-01-28T22:15:04] [t] [term://~/Code/sandbox/golang//71856:lazygit ;#toggleterm#101] €ýL
[2026-01-28T22:15:04] [t] [term://~/Code/sandbox/golang//71856:lazygit ;#toggleterm#101] €ýL
[2026-01-28T22:15:04] [t] [term://~/Code/sandbox/golang//71856:lazygit ;#toggleterm#101] €ýL
[2026-01-28T22:15:04] [t] [term://~/Code/sandbox/golang//71856:lazygit ;#toggleterm#101] €ýL
[2026-01-28T22:15:04] [t] [term://~/Code/sandbox/golang//71856:lazygit ;#toggleterm#101] €ýL
[2026-01-28T22:15:04] [t] [term://~/Code/sandbox/golang//71856:lazygit ;#toggleterm#101] €ýL
[2026-01-28T22:15:04] [t] [term://~/Code/sandbox/golang//71856:lazygit ;#toggleterm#101] €ýL
[2026-01-28T22:15:04] [t] [term://~/Code/sandbox/golang//71856:lazygit ;#toggleterm#101] €ýL
[2026-01-28T22:15:04] [t] [term://~/Code/sandbox/golang//71856:lazygit ;#toggleterm#101] €ýL
[2026-01-28T22:15:04] [t] [term://~/Code/sandbox/golang//71856:lazygit ;#toggleterm#101] €ýL
[2026-01-28T22:15:04] [t] [term://~/Code/sandbox/golang//71856:lazygit ;#toggleterm#101] €ýL
[2026-01-28T22:15:04] [t] [term://~/Code/sandbox/golang//71856:lazygit ;#toggleterm#101] €ýL
[2026-01-28T22:15:04] [t] [term://~/Code/sandbox/golang//71856:lazygit ;#toggleterm#101] €ýL
[2026-01-28T22:15:04] [t] [term://~/Code/sandbox/golang//71856:lazygit ;#toggleterm#101] €ýL
[2026-01-28T22:15:04] [t] [term://~/Code/sandbox/golang//71856:lazygit ;#toggleterm#101] €ýL
[2026-01-28T22:15:04] [t] [term://~/Code/sandbox/golang//71856:lazygit ;#toggleterm#101] €ýL
[2026-01-28T22:15:04] [t] [term://~/Code/sandbox/golang//71856:lazygit ;#toggleterm#101] €ýL
[2026-01-28T22:15:04] [t] [term://~/Code/sandbox/golang//71856:lazygit ;#toggleterm#101] €ýL
[2026-01-28T22:15:04] [t] [term://~/Code/sandbox/golang//71856:lazygit ;#toggleterm#101] €ýL
[2026-01-28T22:15:04] [t] [term://~/Code/sandbox/golang//71856:lazygit ;#toggleterm#101] €ýL
[2026-01-28T22:15:04] [t] [term://~/Code/sandbox/golang//71856:lazygit ;#toggleterm#101] €ýL
[2026-01-28T22:15:04] [t] [term://~/Code/sandbox/golang//71856:lazygit ;#toggleterm#101] €ýL
[2026-01-28T22:15:04] [t] [term://~/Code/sandbox/golang//71856:lazygit ;#toggleterm#101] €ýL
[2026-01-28T22:15:04] [t] [term://~/Code/sandbox/golang//71856:lazygit ;#toggleterm#101] €ýL
[2026-01-28T22:15:04] [t] [term://~/Code/sandbox/golang//71856:lazygit ;#toggleterm#101] €ýL
[2026-01-28T22:15:04] [t] [term://~/Code/sandbox/golang//71856:lazygit ;#toggleterm#101] €ýL
[2026-01-28T22:15:04] [t] [term://~/Code/sandbox/golang//71856:lazygit ;#toggleterm#101] €ýL
[2026-01-28T22:15:04] [t] [term://~/Code/sandbox/golang//71856:lazygit ;#toggleterm#101] €ýL
[2026-01-28T22:15:04] [t] [term://~/Code/sandbox/golang//71856:lazygit ;#toggleterm#101] €ýL
[2026-01-28T22:15:04] [t] [term://~/Code/sandbox/golang//71856:lazygit ;#toggleterm#101] €ýL
[2026-01-28T22:15:04] [t] [term://~/Code/sandbox/golang//71856:lazygit ;#toggleterm#101] €ýL
[2026-01-28T22:15:04] [t] [term://~/Code/sandbox/golang//71856:lazygit ;#toggleterm#101] €ýL
[2026-01-28T22:15:04] [t] [term://~/Code/sandbox/golang//71856:lazygit ;#toggleterm#101] €ýL
[2026-01-28T22:15:04] [t] [term://~/Code/sandbox/golang//71856:lazygit ;#toggleterm#101] €ýL
[2026-01-28T22:15:04] [t] [term://~/Code/sandbox/golang//71856:lazygit ;#toggleterm#101] €ýL
[2026-01-28T22:15:04] [t] [term://~/Code/sandbox/golang//71856:lazygit ;#toggleterm#101] €ýL
[2026-01-28T22:15:04] [t] [term://~/Code/sandbox/golang//71856:lazygit ;#toggleterm#101] €ýL
[2026-01-28T22:15:04] [t] [term://~/Code/sandbox/golang//71856:lazygit ;#toggleterm#101] €ýL
[2026-01-28T22:15:04] [t] [term://~/Code/sandbox/golang//71856:lazygit ;#toggleterm#101] €ýL
[2026-01-28T22:15:04] [t] [term://~/Code/sandbox/golang//71856:lazygit ;#toggleterm#101] €ýL
[2026-01-28T22:15:04] [t] [term://~/Code/sandbox/golang//71856:lazygit ;#toggleterm#101] €ýL
[2026-01-28T22:15:04] [t] [term://~/Code/sandbox/golang//71856:lazygit ;#toggleterm#101] €ýL
[2026-01-28T22:15:04] [t] [term://~/Code/sandbox/golang//71856:lazygit ;#toggleterm#101] €ýL
[2026-01-28T22:15:04] [t] [term://~/Code/sandbox/golang//71856:lazygit ;#toggleterm#101] €ýL
[2026-01-28T22:15:04] [t] [term://~/Code/sandbox/golang//71856:lazygit ;#toggleterm#101] €ýL
[2026-01-28T22:15:04] [t] [term://~/Code/sandbox/golang//71856:lazygit ;#toggleterm#101] €ýL
[2026-01-28T22:15:04] [t] [term://~/Code/sandbox/golang//71856:lazygit ;#toggleterm#101] €ýL
[2026-01-28T22:15:04] [t] [term://~/Code/sandbox/golang//71856:lazygit ;#toggleterm#101] €ýL
[2026-01-28T22:15:04] [t] [term://~/Code/sandbox/golang//71856:lazygit ;#toggleterm#101] €ýL
[2026-01-28T22:15:04] [t] [term://~/Code/sandbox/golang//71856:lazygit ;#toggleterm#101] €ýL
[2026-01-28T22:15:04] [t] [term://~/Code/sandbox/golang//71856:lazygit ;#toggleterm#101] €ýL
[2026-01-28T22:15:04] [t] [term://~/Code/sandbox/golang//71856:lazygit ;#toggleterm#101] €ýL
[2026-01-28T22:15:04] [t] [term://~/Code/sandbox/golang//71856:lazygit ;#toggleterm#101] €ýL
[2026-01-28T22:15:04] [t] [term://~/Code/sandbox/golang//71856:lazygit ;#toggleterm#101] €ýL
[2026-01-28T22:15:04] [t] [term://~/Code/sandbox/golang//71856:lazygit ;#toggleterm#101] €ýL
[2026-01-28T22:15:04] [t] [term://~/Code/sandbox/golang//71856:lazygit ;#toggleterm#101] €ýL
[2026-01-28T22:15:04] [t] [term://~/Code/sandbox/golang//71856:lazygit ;#toggleterm#101] €ýL
[2026-01-28T22:15:04] [t] [term://~/Code/sandbox/golang//71856:lazygit ;#toggleterm#101] €ýL
[2026-01-28T22:15:04] [t] [term://~/Code/sandbox/golang//71856:lazygit ;#toggleterm#101] €ýL
[2026-01-28T22:15:04] [t] [term://~/Code/sandbox/golang//71856:lazygit ;#toggleterm#101] €ýL
[2026-01-28T22:15:04] [t] [term://~/Code/sandbox/golang//71856:lazygit ;#toggleterm#101] €ýL
[2026-01-28T22:15:04] [t] [term://~/Code/sandbox/golang//71856:lazygit ;#toggleterm#101] €ýL
[2026-01-28T22:15:04] [t] [term://~/Code/sandbox/golang//71856:lazygit ;#toggleterm#101] €ýL
[2026-01-28T22:15:04] [t] [term://~/Code/sandbox/golang//71856:lazygit ;#toggleterm#101] €ýL
[2026-01-28T22:15:04] [t] [term://~/Code/sandbox/golang//71856:lazygit ;#toggleterm#101] €ýL
[2026-01-28T22:15:04] [t] [term://~/Code/sandbox/golang//71856:lazygit ;#toggleterm#101] €ýL
[2026-01-28T22:15:04] [t] [term://~/Code/sandbox/golang//71856:lazygit ;#toggleterm#101] €ýL
[2026-01-28T22:15:04] [t] [term://~/Code/sandbox/golang//71856:lazygit ;#toggleterm#101] €ýL
[2026-01-28T22:15:04] [t] [term://~/Code/sandbox/golang//71856:lazygit ;#toggleterm#101] €ýL
[2026-01-28T22:15:04] [t] [term://~/Code/sandbox/golang//71856:lazygit ;#toggleterm#101] €ýL
[2026-01-28T22:15:04] [t] [term://~/Code/sandbox/golang//71856:lazygit ;#toggleterm#101] €ýL
[2026-01-28T22:15:04] [t] [term://~/Code/sandbox/golang//71856:lazygit ;#toggleterm#101] €ýL
[2026-01-28T22:15:04] [t] [term://~/Code/sandbox/golang//71856:lazygit ;#toggleterm#101] €ýL
[2026-01-28T22:15:04] [t] [term://~/Code/sandbox/golang//71856:lazygit ;#toggleterm#101] €ýL
[2026-01-28T22:15:04] [t] [term://~/Code/sandbox/golang//71856:lazygit ;#toggleterm#101] €ýL
[2026-01-28T22:15:04] [t] [term://~/Code/sandbox/golang//71856:lazygit ;#toggleterm#101] €ýL
[2026-01-28T22:15:04] [t] [term://~/Code/sandbox/golang//71856:lazygit ;#toggleterm#101] €ýL
[2026-01-28T22:15:04] [t] [term://~/Code/sandbox/golang//71856:lazygit ;#toggleterm#101] €ýL
[2026-01-28T22:15:04] [t] [term://~/Code/sandbox/golang//71856:lazygit ;#toggleterm#101] €ýL
[2026-01-28T22:15:04] [t] [term://~/Code/sandbox/golang//71856:lazygit ;#toggleterm#101] €ýL
[2026-01-28T22:15:04] [t] [term://~/Code/sandbox/golang//71856:lazygit ;#toggleterm#101] €ýL
[2026-01-28T22:15:04] [t] [term://~/Code/sandbox/golang//71856:lazygit ;#toggleterm#101] €ýL
[2026-01-28T22:15:04] [t] [term://~/Code/sandbox/golang//71856:lazygit ;#toggleterm#101] €ýL
[2026-01-28T22:15:04] [t] [term://~/Code/sandbox/golang//71856:lazygit ;#toggleterm#101] €ýL
[2026-01-28T22:15:04] [t] [term://~/Code/sandbox/golang//71856:lazygit ;#toggleterm#101] €ýL
[2026-01-28T22:15:04] [t] [term://~/Code/sandbox/golang//71856:lazygit ;#toggleterm#101] €ýL
[2026-01-28T22:15:04] [t] [term://~/Code/sandbox/golang//71856:lazygit ;#toggleterm#101] €ýL
[2026-01-28T22:15:04] [t] [term://~/Code/sandbox/golang//71856:lazygit ;#toggleterm#101] €ýL
[2026-01-28T22:15:04] [t] [term://~/Code/sandbox/golang//71856:lazygit ;#toggleterm#101] €ýL
[2026-01-28T22:15:04] [t] [term://~/Code/sandbox/golang//71856:lazygit ;#toggleterm#101] €ýL
[2026-01-28T22:15:04] [t] [term://~/Code/sandbox/golang//71856:lazygit ;#toggleterm#101] €ýL
[2026-01-28T22:15:04] [t] [term://~/Code/sandbox/golang//71856:lazygit ;#toggleterm#101] €ýL
[2026-01-28T22:15:04] [t] [term://~/Code/sandbox/golang//71856:lazygit ;#toggleterm#101] €ýL
[2026-01-28T22:15:04] [t] [term://~/Code/sandbox/golang//71856:lazygit ;#toggleterm#101] €ýL
[2026-01-28T22:15:04] [t] [term://~/Code/sandbox/golang//71856:lazygit ;#toggleterm#101] €ýL
[2026-01-28T22:15:04] [t] [term://~/Code/sandbox/golang//71856:lazygit ;#toggleterm#101] €ýL
[2026-01-28T22:15:04] [t] [term://~/Code/sandbox/golang//71856:lazygit ;#toggleterm#101] €ýL
[2026-01-28T22:15:04] [t] [term://~/Code/sandbox/golang//71856:lazygit ;#toggleterm#101] €ýL
[2026-01-28T22:15:04] [t] [term://~/Code/sandbox/golang//71856:lazygit ;#toggleterm#101] €ýL
[2026-01-28T22:15:04] [t] [term://~/Code/sandbox/golang//71856:lazygit ;#toggleterm#101] €ýL
[2026-01-28T22:15:04] [t] [term://~/Code/sandbox/golang//71856:lazygit ;#toggleterm#101] €ýL
[2026-01-28T22:15:04] [t] [term://~/Code/sandbox/golang//71856:lazygit ;#toggleterm#101] €ýL
[2026-01-28T22:15:04] [t] [term://~/Code/sandbox/golang//71856:lazygit ;#toggleterm#101] €ýL
[2026-01-28T22:15:04] [t] [term://~/Code/sandbox/golang//71856:lazygit ;#toggleterm#101] €ýL
[2026-01-28T22:15:04] [t] [term://~/Code/sandbox/golang//71856:lazygit ;#toggleterm#101] €ýL
[2026-01-28T22:15:04] [t] [term://~/Code/sandbox/golang//71856:lazygit ;#toggleterm#101] €ýL
[2026-01-28T22:15:04] [t] [term://~/Code/sandbox/golang//71856:lazygit ;#toggleterm#101] €ýL
[2026-01-28T22:15:04] [t] [term://~/Code/sandbox/golang//71856:lazygit ;#toggleterm#101] €ýL
[2026-01-28T22:15:04] [t] [term://~/Code/sandbox/golang//71856:lazygit ;#toggleterm#101] €ýL
[2026-01-28T22:15:04] [t] [term://~/Code/sandbox/golang//71856:lazygit ;#toggleterm#101] €ýL
[2026-01-28T22:15:04] [t] [term://~/Code/sandbox/golang//71856:lazygit ;#toggleterm#101] €ýL
[2026-01-28T22:15:04] [t] [term://~/Code/sandbox/golang//71856:lazygit ;#toggleterm#101] €ýL
[2026-01-28T22:15:04] [t] [term://~/Code/sandbox/golang//71856:lazygit ;#toggleterm#101] €ýL
[2026-01-28T22:15:04] [t] [term://~/Code/sandbox/golang//71856:lazygit ;#toggleterm#101] €ýL
[2026-01-28T22:15:04] [t] [term://~/Code/sandbox/golang//71856:lazygit ;#toggleterm#101] €ýL
[2026-01-28T22:15:04] [t] [term://~/Code/sandbox/golang//71856:lazygit ;#toggleterm#101] €ýL
[2026-01-28T22:15:04] [t] [term://~/Code/sandbox/golang//71856:lazygit ;#toggleterm#101] €ýL
[2026-01-28T22:15:04] [t] [term://~/Code/sandbox/golang//71856:lazygit ;#toggleterm#101] €ýL
[2026-01-28T22:15:05] [t] [term://~/Code/sandbox/golang//71856:lazygit ;#toggleterm#101] €ýL
[2026-01-28T22:15:05] [t] [term://~/Code/sandbox/golang//71856:lazygit ;#toggleterm#101] €ýL
[2026-01-28T22:15:05] [t] [term://~/Code/sandbox/golang//71856:lazygit ;#toggleterm#101] €ýL
[2026-01-28T22:15:05] [t] [term://~/Code/sandbox/golang//71856:lazygit ;#toggleterm#101] €ýL
[2026-01-28T22:15:05] [t] [term://~/Code/sandbox/golang//71856:lazygit ;#toggleterm#101] €ýL
[2026-01-28T22:15:05] [t] [term://~/Code/sandbox/golang//71856:lazygit ;#toggleterm#101] €ýL
[2026-01-28T22:15:05] [t] [term://~/Code/sandbox/golang//71856:lazygit ;#toggleterm#101] €ýL
[2026-01-28T22:15:05] [t] [term://~/Code/sandbox/golang//71856:lazygit ;#toggleterm#101] €ýL
[2026-01-28T22:15:05] [t] [term://~/Code/sandbox/golang//71856:lazygit ;#toggleterm#101] €ýL
[2026-01-28T22:15:05] [t] [term://~/Code/sandbox/golang//71856:lazygit ;#toggleterm#101] €ýL
[2026-01-28T22:15:05] [t] [term://~/Code/sandbox/golang//71856:lazygit ;#toggleterm#101] €ýL
[2026-01-28T22:15:05] [t] [term://~/Code/sandbox/golang//71856:lazygit ;#toggleterm#101] €ýL
[2026-01-28T22:15:05] [t] [term://~/Code/sandbox/golang//71856:lazygit ;#toggleterm#101] €ýL
[2026-01-28T22:15:05] [t] [term://~/Code/sandbox/golang//71856:lazygit ;#toggleterm#101] €ýL
[2026-01-28T22:15:05] [t] [term://~/Code/sandbox/golang//71856:lazygit ;#toggleterm#101] €ýL
[2026-01-28T22:15:05] [t] [term://~/Code/sandbox/golang//71856:lazygit ;#toggleterm#101] €ýL
[2026-01-28T22:15:05] [t] [term://~/Code/sandbox/golang//71856:lazygit ;#toggleterm#101] €ýL
[2026-01-28T22:15:05] [t] [term://~/Code/sandbox/golang//71856:lazygit ;#toggleterm#101] €ýL
[2026-01-28T22:15:05] [t] [term://~/Code/sandbox/golang//71856:lazygit ;#toggleterm#101] €ýL
[2026-01-28T22:15:05] [t] [term://~/Code/sandbox/golang//71856:lazygit ;#toggleterm#101] €ýL
[2026-01-28T22:15:05] [t] [term://~/Code/sandbox/golang//71856:lazygit ;#toggleterm#101] €ýL
[2026-01-28T22:15:05] [t] [term://~/Code/sandbox/golang//71856:lazygit ;#toggleterm#101] €ýL
[2026-01-28T22:15:05] [t] [term://~/Code/sandbox/golang//71856:lazygit ;#toggleterm#101] €ýL
[2026-01-28T22:15:05] [t] [term://~/Code/sandbox/golang//71856:lazygit ;#toggleterm#101] €ýL
[2026-01-28T22:15:05] [t] [term://~/Code/sandbox/golang//71856:lazygit ;#toggleterm#101] €ýL
[2026-01-28T22:15:05] [t] [term://~/Code/sandbox/golang//71856:lazygit ;#toggleterm#101] €ýL
[2026-01-28T22:15:05] [t] [term://~/Code/sandbox/golang//71856:lazygit ;#toggleterm#101] €ýL
[2026-01-28T22:15:05] [t] [term://~/Code/sandbox/golang//71856:lazygit ;#toggleterm#101] €ýL
[2026-01-28T22:15:05] [t] [term://~/Code/sandbox/golang//71856:lazygit ;#toggleterm#101] €ýL
[2026-01-28T22:15:05] [t] [term://~/Code/sandbox/golang//71856:lazygit ;#toggleterm#101] €ýL
[2026-01-28T22:15:05] [t] [term://~/Code/sandbox/golang//71856:lazygit ;#toggleterm#101] €ýL
[2026-01-28T22:15:05] [t] [term://~/Code/sandbox/golang//71856:lazygit ;#toggleterm#101] €ýL
[2026-01-28T22:15:05] [t] [term://~/Code/sandbox/golang//71856:lazygit ;#toggleterm#101] €ýL
[2026-01-28T22:15:05] [t] [term://~/Code/sandbox/golang//71856:lazygit ;#toggleterm#101] €ýN
[2026-01-28T22:15:05] [t] [term://~/Code/sandbox/golang//71856:lazygit ;#toggleterm#101] €ýK
[2026-01-28T22:15:05] [t] [term://~/Code/sandbox/golang//71856:lazygit ;#toggleterm#101] €ýN
[2026-01-28T22:15:05] [t] [term://~/Code/sandbox/golang//71856:lazygit ;#toggleterm#101] €ýK
[2026-01-28T22:15:05] [t] [term://~/Code/sandbox/golang//71856:lazygit ;#toggleterm#101] €ýK
[2026-01-28T22:15:05] [t] [term://~/Code/sandbox/golang//71856:lazygit ;#toggleterm#101] €ýK
[2026-01-28T22:15:05] [t] [term://~/Code/sandbox/golang//71856:lazygit ;#toggleterm#101] €ýK
[2026-01-28T22:15:05] [t] [term://~/Code/sandbox/golang//71856:lazygit ;#toggleterm#101] €ýK
[2026-01-28T22:15:05] [t] [term://~/Code/sandbox/golang//71856:lazygit ;#toggleterm#101] €ýK
[2026-01-28T22:15:05] [t] [term://~/Code/sandbox/golang//71856:lazygit ;#toggleterm#101] €ýK
[2026-01-28T22:15:05] [t] [term://~/Code/sandbox/golang//71856:lazygit ;#toggleterm#101] €ýK
[2026-01-28T22:15:05] [t] [term://~/Code/sandbox/golang//71856:lazygit ;#toggleterm#101] €ýK
[2026-01-28T22:15:05] [t] [term://~/Code/sandbox/golang//71856:lazygit ;#toggleterm#101] €ýK
[2026-01-28T22:15:05] [t] [term://~/Code/sandbox/golang//71856:lazygit ;#toggleterm#101] €ýK
[2026-01-28T22:15:05] [t] [term://~/Code/sandbox/golang//71856:lazygit ;#toggleterm#101] €ýK
[2026-01-28T22:15:05] [t] [term://~/Code/sandbox/golang//71856:lazygit ;#toggleterm#101] €ýK
[2026-01-28T22:15:05] [t] [term://~/Code/sandbox/golang//71856:lazygit ;#toggleterm#101] €ýK
[2026-01-28T22:15:05] [t] [term://~/Code/sandbox/golang//71856:lazygit ;#toggleterm#101] €ýK
[2026-01-28T22:15:05] [t] [term://~/Code/sandbox/golang//71856:lazygit ;#toggleterm#101] €ýK
[2026-01-28T22:15:05] [t] [term://~/Code/sandbox/golang//71856:lazygit ;#toggleterm#101] €ýK
[2026-01-28T22:15:05] [t] [term://~/Code/sandbox/golang//71856:lazygit ;#toggleterm#101] €ýK
[2026-01-28T22:15:05] [t] [term://~/Code/sandbox/golang//71856:lazygit ;#toggleterm#101] €ýK
[2026-01-28T22:15:05] [t] [term://~/Code/sandbox/golang//71856:lazygit ;#toggleterm#101] €ýK
[2026-01-28T22:15:05] [t] [term://~/Code/sandbox/golang//71856:lazygit ;#toggleterm#101] €ýK
[2026-01-28T22:15:05] [t] [term://~/Code/sandbox/golang//71856:lazygit ;#toggleterm#101] €ýK
[2026-01-28T22:15:05] [t] [term://~/Code/sandbox/golang//71856:lazygit ;#toggleterm#101] €ýK
[2026-01-28T22:15:05] [t] [term://~/Code/sandbox/golang//71856:lazygit ;#toggleterm#101] €ýK
[2026-01-28T22:15:05] [t] [term://~/Code/sandbox/golang//71856:lazygit ;#toggleterm#101] €ýK
[2026-01-28T22:15:05] [t] [term://~/Code/sandbox/golang//71856:lazygit ;#toggleterm#101] €ýK
[2026-01-28T22:15:05] [t] [term://~/Code/sandbox/golang//71856:lazygit ;#toggleterm#101] €ýK
[2026-01-28T22:15:05] [t] [term://~/Code/sandbox/golang//71856:lazygit ;#toggleterm#101] €ýK
[2026-01-28T22:15:05] [t] [term://~/Code/sandbox/golang//71856:lazygit ;#toggleterm#101] €ýK
[2026-01-28T22:15:05] [t] [term://~/Code/sandbox/golang//71856:lazygit ;#toggleterm#101] €ýK
[2026-01-28T22:15:05] [t] [term://~/Code/sandbox/golang//71856:lazygit ;#toggleterm#101] €ýK
[2026-01-28T22:15:05] [t] [term://~/Code/sandbox/golang//71856:lazygit ;#toggleterm#101] €ýK
[2026-01-28T22:15:05] [t] [term://~/Code/sandbox/golang//71856:lazygit ;#toggleterm#101] €ýK
[2026-01-28T22:15:05] [t] [term://~/Code/sandbox/golang//71856:lazygit ;#toggleterm#101] €ýK
[2026-01-28T22:15:05] [t] [term://~/Code/sandbox/golang//71856:lazygit ;#toggleterm#101] €ýK
[2026-01-28T22:15:05] [t] [term://~/Code/sandbox/golang//71856:lazygit ;#toggleterm#101] €ýK
[2026-01-28T22:15:05] [t] [term://~/Code/sandbox/golang//71856:lazygit ;#toggleterm#101] €ýK
[2026-01-28T22:15:05] [t] [term://~/Code/sandbox/golang//71856:lazygit ;#toggleterm#101] €ýK
[2026-01-28T22:15:05] [t] [term://~/Code/sandbox/golang//71856:lazygit ;#toggleterm#101] €ýK
[2026-01-28T22:15:05] [t] [term://~/Code/sandbox/golang//71856:lazygit ;#toggleterm#101] €ýK
[2026-01-28T22:15:06] [t] [term://~/Code/sandbox/golang//71856:lazygit ;#toggleterm#101] €ýK
[2026-01-28T22:15:06] [t] [term://~/Code/sandbox/golang//71856:lazygit ;#toggleterm#101] €ýK
[2026-01-28T22:15:06] [t] [term://~/Code/sandbox/golang//71856:lazygit ;#toggleterm#101] €ýK
[2026-01-28T22:15:06] [t] [term://~/Code/sandbox/golang//71856:lazygit ;#toggleterm#101] €ýK
[2026-01-28T22:15:06] [t] [term://~/Code/sandbox/golang//71856:lazygit ;#toggleterm#101] €ýK
[2026-01-28T22:15:06] [t] [term://~/Code/sandbox/golang//71856:lazygit ;#toggleterm#101] €ýK
[2026-01-28T22:15:06] [t] [term://~/Code/sandbox/golang//71856:lazygit ;#toggleterm#101] €ýK
[2026-01-28T22:15:06] [t] [term://~/Code/sandbox/golang//71856:lazygit ;#toggleterm#101] €ýK
[2026-01-28T22:15:07] [t] [term://~/Code/sandbox/golang//71856:lazygit ;#toggleterm#101] €ýK
[2026-01-28T22:15:07] [t] [term://~/Code/sandbox/golang//71856:lazygit ;#toggleterm#101] €ýK
[2026-01-28T22:15:07] [t] [term://~/Code/sandbox/golang//71856:lazygit ;#toggleterm#101] €ýK
[2026-01-28T22:15:07] [t] [term://~/Code/sandbox/golang//71856:lazygit ;#toggleterm#101] €ýK
[2026-01-28T22:15:07] [t] [term://~/Code/sandbox/golang//71856:lazygit ;#toggleterm#101] €ýK
[2026-01-28T22:15:07] [t] [term://~/Code/sandbox/golang//71856:lazygit ;#toggleterm#101] €ýK
[2026-01-28T22:15:07] [t] [term://~/Code/sandbox/golang//71856:lazygit ;#toggleterm#101] €ýK
[2026-01-28T22:15:07] [t] [term://~/Code/sandbox/golang//71856:lazygit ;#toggleterm#101] €ýK
[2026-01-28T22:15:07] [t] [term://~/Code/sandbox/golang//71856:lazygit ;#toggleterm#101] €ýK
[2026-01-28T22:15:07] [t] [term://~/Code/sandbox/golang//71856:lazygit ;#toggleterm#101] €ýK
[2026-01-28T22:15:07] [t] [term://~/Code/sandbox/golang//71856:lazygit ;#toggleterm#101] €ýK
[2026-01-28T22:15:07] [t] [term://~/Code/sandbox/golang//71856:lazygit ;#toggleterm#101] €ýK
[2026-01-28T22:15:07] [t] [term://~/Code/sandbox/golang//71856:lazygit ;#toggleterm#101] €ýK
[2026-01-28T22:15:07] [t] [term://~/Code/sandbox/golang//71856:lazygit ;#toggleterm#101] €ýK
[2026-01-28T22:15:07] [t] [term://~/Code/sandbox/golang//71856:lazygit ;#toggleterm#101] €ýK
[2026-01-28T22:15:07] [t] [term://~/Code/sandbox/golang//71856:lazygit ;#toggleterm#101] €ýK
[2026-01-28T22:15:07] [t] [term://~/Code/sandbox/golang//71856:lazygit ;#toggleterm#101] €ýK
[2026-01-28T22:15:07] [t] [term://~/Code/sandbox/golang//71856:lazygit ;#toggleterm#101] €ýK
[2026-01-28T22:15:07] [t] [term://~/Code/sandbox/golang//71856:lazygit ;#toggleterm#101] €ýK
[2026-01-28T22:15:07] [t] [term://~/Code/sandbox/golang//71856:lazygit ;#toggleterm#101] €ýK
[2026-01-28T22:15:07] [t] [term://~/Code/sandbox/golang//71856:lazygit ;#toggleterm#101] €ýK
[2026-01-28T22:15:07] [t] [term://~/Code/sandbox/golang//71856:lazygit ;#toggleterm#101] €ýK
[2026-01-28T22:15:07] [t] [term://~/Code/sandbox/golang//71856:lazygit ;#toggleterm#101] €ýK
[2026-01-28T22:15:07] [t] [term://~/Code/sandbox/golang//71856:lazygit ;#toggleterm#101] €ýK
[2026-01-28T22:15:07] [t] [term://~/Code/sandbox/golang//71856:lazygit ;#toggleterm#101] €ýK
[2026-01-28T22:15:08] [t] [term://~/Code/sandbox/golang//71856:lazygit ;#toggleterm#101] €ýK
[2026-01-28T22:15:08] [t] [term://~/Code/sandbox/golang//71856:lazygit ;#toggleterm#101] €ýK
[2026-01-28T22:15:08] [t] [term://~/Code/sandbox/golang//71856:lazygit ;#toggleterm#101] €ýK
[2026-01-28T22:15:08] [t] [term://~/Code/sandbox/golang//71856:lazygit ;#toggleterm#101] €ýK
[2026-01-28T22:15:08] [t] [term://~/Code/sandbox/golang//71856:lazygit ;#toggleterm#101] €ýK
[2026-01-28T22:15:08] [t] [term://~/Code/sandbox/golang//71856:lazygit ;#toggleterm#101] €ýK
[2026-01-28T22:15:08] [t] [term://~/Code/sandbox/golang//71856:lazygit ;#toggleterm#101] €ýK
[2026-01-28T22:15:08] [t] [term://~/Code/sandbox/golang//71856:lazygit ;#toggleterm#101] €ýK
[2026-01-28T22:15:08] [t] [term://~/Code/sandbox/golang//71856:lazygit ;#toggleterm#101] €ýK
[2026-01-28T22:15:08] [t] [term://~/Code/sandbox/golang//71856:lazygit ;#toggleterm#101] €ýK
[2026-01-28T22:15:08] [t] [term://~/Code/sandbox/golang//71856:lazygit ;#toggleterm#101] €ýK
[2026-01-28T22:15:08] [t] [term://~/Code/sandbox/golang//71856:lazygit ;#toggleterm#101] €ýK
[2026-01-28T22:15:08] [t] [term://~/Code/sandbox/golang//71856:lazygit ;#toggleterm#101] €ýK
[2026-01-28T22:15:08] [t] [term://~/Code/sandbox/golang//71856:lazygit ;#toggleterm#101] €ýK
[2026-01-28T22:15:08] [t] [term://~/Code/sandbox/golang//71856:lazygit ;#toggleterm#101] €ýK
[2026-01-28T22:15:08] [t] [term://~/Code/sandbox/golang//71856:lazygit ;#toggleterm#101] €ýK
[2026-01-28T22:15:08] [t] [term://~/Code/sandbox/golang//71856:lazygit ;#toggleterm#101] €ýK
[2026-01-28T22:15:08] [t] [term://~/Code/sandbox/golang//71856:lazygit ;#toggleterm#101] €ýK
[2026-01-28T22:15:08] [t] [term://~/Code/sandbox/golang//71856:lazygit ;#toggleterm#101] €ýK
[2026-01-28T22:15:08] [t] [term://~/Code/sandbox/golang//71856:lazygit ;#toggleterm#101] €ýK
[2026-01-28T22:15:08] [t] [term://~/Code/sandbox/golang//71856:lazygit ;#toggleterm#101] €ýK
[2026-01-28T22:15:08] [t] [term://~/Code/sandbox/golang//71856:lazygit ;#toggleterm#101] €ýK
[2026-01-28T22:15:08] [t] [term://~/Code/sandbox/golang//71856:lazygit ;#toggleterm#101] €ýK
[2026-01-28T22:15:08] [t] [term://~/Code/sandbox/golang//71856:lazygit ;#toggleterm#101] €ýK
[2026-01-28T22:15:08] [t] [term://~/Code/sandbox/golang//71856:lazygit ;#toggleterm#101] €ýK
[2026-01-28T22:15:08] [t] [term://~/Code/sandbox/golang//71856:lazygit ;#toggleterm#101] €ýK
[2026-01-28T22:15:08] [t] [term://~/Code/sandbox/golang//71856:lazygit ;#toggleterm#101] €ýK
[2026-01-28T22:15:08] [t] [term://~/Code/sandbox/golang//71856:lazygit ;#toggleterm#101] €ýK
[2026-01-28T22:15:08] [t] [term://~/Code/sandbox/golang//71856:lazygit ;#toggleterm#101] €ýK
[2026-01-28T22:15:08] [t] [term://~/Code/sandbox/golang//71856:lazygit ;#toggleterm#101] €ýK
[2026-01-28T22:15:08] [t] [term://~/Code/sandbox/golang//71856:lazygit ;#toggleterm#101] €ýK
[2026-01-28T22:15:08] [t] [term://~/Code/sandbox/golang//71856:lazygit ;#toggleterm#101] €ýK
[2026-01-28T22:15:08] [t] [term://~/Code/sandbox/golang//71856:lazygit ;#toggleterm#101] €ýK
[2026-01-28T22:15:08] [t] [term://~/Code/sandbox/golang//71856:lazygit ;#toggleterm#101] €ýK
[2026-01-28T22:15:08] [t] [term://~/Code/sandbox/golang//71856:lazygit ;#toggleterm#101] €ýK
[2026-01-28T22:15:08] [t] [term://~/Code/sandbox/golang//71856:lazygit ;#toggleterm#101] €ýK
[2026-01-28T22:15:08] [t] [term://~/Code/sandbox/golang//71856:lazygit ;#toggleterm#101] €ýK
[2026-01-28T22:15:08] [t] [term://~/Code/sandbox/golang//71856:lazygit ;#toggleterm#101] €ýK
[2026-01-28T22:15:08] [t] [term://~/Code/sandbox/golang//71856:lazygit ;#toggleterm#101] €ýK
[2026-01-28T22:15:08] [t] [term://~/Code/sandbox/golang//71856:lazygit ;#toggleterm#101] €ýK
[2026-01-28T22:15:08] [t] [term://~/Code/sandbox/golang//71856:lazygit ;#toggleterm#101] €ýK
[2026-01-28T22:15:08] [t] [term://~/Code/sandbox/golang//71856:lazygit ;#toggleterm#101] €ýK
[2026-01-28T22:15:08] [t] [term://~/Code/sandbox/golang//71856:lazygit ;#toggleterm#101] €ýK
[2026-01-28T22:15:08] [t] [term://~/Code/sandbox/golang//71856:lazygit ;#toggleterm#101] €ýK
[2026-01-28T22:15:08] [t] [term://~/Code/sandbox/golang//71856:lazygit ;#toggleterm#101] €ýK
[2026-01-28T22:15:08] [t] [term://~/Code/sandbox/golang//71856:lazygit ;#toggleterm#101] €ýK
[2026-01-28T22:15:08] [t] [term://~/Code/sandbox/golang//71856:lazygit ;#toggleterm#101] €ýK
[2026-01-28T22:15:08] [t] [term://~/Code/sandbox/golang//71856:lazygit ;#toggleterm#101] €ýK
[2026-01-28T22:15:08] [t] [term://~/Code/sandbox/golang//71856:lazygit ;#toggleterm#101] €ýK
[2026-01-28T22:15:08] [t] [term://~/Code/sandbox/golang//71856:lazygit ;#toggleterm#101] €ýK
[2026-01-28T22:15:08] [t] [term://~/Code/sandbox/golang//71856:lazygit ;#toggleterm#101] €ýK
[2026-01-28T22:15:08] [t] [term://~/Code/sandbox/golang//71856:lazygit ;#toggleterm#101] €ýK
[2026-01-28T22:15:08] [t] [term://~/Code/sandbox/golang//71856:lazygit ;#toggleterm#101] €ýK
[2026-01-28T22:15:08] [t] [term://~/Code/sandbox/golang//71856:lazygit ;#toggleterm#101] €ýK
[2026-01-28T22:15:08] [t] [term://~/Code/sandbox/golang//71856:lazygit ;#toggleterm#101] €ýK
[2026-01-28T22:15:08] [t] [term://~/Code/sandbox/golang//71856:lazygit ;#toggleterm#101] €ýK
[2026-01-28T22:15:08] [t] [term://~/Code/sandbox/golang//71856:lazygit ;#toggleterm#101] €ýK
[2026-01-28T22:15:08] [t] [term://~/Code/sandbox/golang//71856:lazygit ;#toggleterm#101] €ýK
[2026-01-28T22:15:08] [t] [term://~/Code/sandbox/golang//71856:lazygit ;#toggleterm#101] €ýK
[2026-01-28T22:15:08] [t] [term://~/Code/sandbox/golang//71856:lazygit ;#toggleterm#101] €ýK
[2026-01-28T22:15:08] [t] [term://~/Code/sandbox/golang//71856:lazygit ;#toggleterm#101] €ýK
[2026-01-28T22:15:08] [t] [term://~/Code/sandbox/golang//71856:lazygit ;#toggleterm#101] €ýK
[2026-01-28T22:15:08] [t] [term://~/Code/sandbox/golang//71856:lazygit ;#toggleterm#101] €ýK
[2026-01-28T22:15:08] [t] [term://~/Code/sandbox/golang//71856:lazygit ;#toggleterm#101] €ýK
[2026-01-28T22:15:08] [t] [term://~/Code/sandbox/golang//71856:lazygit ;#toggleterm#101] €ýK
[2026-01-28T22:15:08] [t] [term://~/Code/sandbox/golang//71856:lazygit ;#toggleterm#101] €ýK
[2026-01-28T22:15:08] [t] [term://~/Code/sandbox/golang//71856:lazygit ;#toggleterm#101] €ýK
[2026-01-28T22:15:08] [t] [term://~/Code/sandbox/golang//71856:lazygit ;#toggleterm#101] €ýK
[2026-01-28T22:15:08] [t] [term://~/Code/sandbox/golang//71856:lazygit ;#toggleterm#101] €ýK
[2026-01-28T22:15:08] [t] [term://~/Code/sandbox/golang//71856:lazygit ;#toggleterm#101] €ýK
[2026-01-28T22:15:08] [t] [term://~/Code/sandbox/golang//71856:lazygit ;#toggleterm#101] €ýK
[2026-01-28T22:15:08] [t] [term://~/Code/sandbox/golang//71856:lazygit ;#toggleterm#101] €ýK
[2026-01-28T22:15:08] [t] [term://~/Code/sandbox/golang//71856:lazygit ;#toggleterm#101] €ýK
[2026-01-28T22:15:08] [t] [term://~/Code/sandbox/golang//71856:lazygit ;#toggleterm#101] €ýK
[2026-01-28T22:15:08] [t] [term://~/Code/sandbox/golang//71856:lazygit ;#toggleterm#101] €ýK
[2026-01-28T22:15:08] [t] [term://~/Code/sandbox/golang//71856:lazygit ;#toggleterm#101] €ýK
[2026-01-28T22:15:08] [t] [term://~/Code/sandbox/golang//71856:lazygit ;#toggleterm#101] €ýK
[2026-01-28T22:15:08] [t] [term://~/Code/sandbox/golang//71856:lazygit ;#toggleterm#101] €ýK
[2026-01-28T22:15:08] [t] [term://~/Code/sandbox/golang//71856:lazygit ;#toggleterm#101] €ýK
[2026-01-28T22:15:08] [t] [term://~/Code/sandbox/golang//71856:lazygit ;#toggleterm#101] €ýK
[2026-01-28T22:15:08] [t] [term://~/Code/sandbox/golang//71856:lazygit ;#toggleterm#101] €ýK
[2026-01-28T22:15:08] [t] [term://~/Code/sandbox/golang//71856:lazygit ;#toggleterm#101] €ýK
[2026-01-28T22:15:08] [t] [term://~/Code/sandbox/golang//71856:lazygit ;#toggleterm#101] €ýK
[2026-01-28T22:15:08] [t] [term://~/Code/sandbox/golang//71856:lazygit ;#toggleterm#101] €ýK
[2026-01-28T22:15:08] [t] [term://~/Code/sandbox/golang//71856:lazygit ;#toggleterm#101] €ýK
[2026-01-28T22:15:08] [t] [term://~/Code/sandbox/golang//71856:lazygit ;#toggleterm#101] €ýK
[2026-01-28T22:15:08] [t] [term://~/Code/sandbox/golang//71856:lazygit ;#toggleterm#101] €ýK
[2026-01-28T22:15:08] [t] [term://~/Code/sandbox/golang//71856:lazygit ;#toggleterm#101] €ýK
[2026-01-28T22:15:08] [t] [term://~/Code/sandbox/golang//71856:lazygit ;#toggleterm#101] €ýK
[2026-01-28T22:15:08] [t] [term://~/Code/sandbox/golang//71856:lazygit ;#toggleterm#101] €ýK
[2026-01-28T22:15:08] [t] [term://~/Code/sandbox/golang//71856:lazygit ;#toggleterm#101] €ýK
[2026-01-28T22:15:08] [t] [term://~/Code/sandbox/golang//71856:lazygit ;#toggleterm#101] €ýK
[2026-01-28T22:15:08] [t] [term://~/Code/sandbox/golang//71856:lazygit ;#toggleterm#101] €ýK
[2026-01-28T22:15:08] [t] [term://~/Code/sandbox/golang//71856:lazygit ;#toggleterm#101] €ýK
[2026-01-28T22:15:08] [t] [term://~/Code/sandbox/golang//71856:lazygit ;#toggleterm#101] €ýK
[2026-01-28T22:15:08] [t] [term://~/Code/sandbox/golang//71856:lazygit ;#toggleterm#101] €ýK
[2026-01-28T22:15:08] [t] [term://~/Code/sandbox/golang//71856:lazygit ;#toggleterm#101] €ýK
[2026-01-28T22:15:08] [t] [term://~/Code/sandbox/golang//71856:lazygit ;#toggleterm#101] €ýK
[2026-01-28T22:15:08] [t] [term://~/Code/sandbox/golang//71856:lazygit ;#toggleterm#101] €ýK
[2026-01-28T22:15:08] [t] [term://~/Code/sandbox/golang//71856:lazygit ;#toggleterm#101] €ýK
[2026-01-28T22:15:08] [t] [term://~/Code/sandbox/golang//71856:lazygit ;#toggleterm#101] €ýK
[2026-01-28T22:15:08] [t] [term://~/Code/sandbox/golang//71856:lazygit ;#toggleterm#101] €ýK
[2026-01-28T22:15:08] [t] [term://~/Code/sandbox/golang//71856:lazygit ;#toggleterm#101] €ýK
[2026-01-28T22:15:08] [t] [term://~/Code/sandbox/golang//71856:lazygit ;#toggleterm#101] €ýK
[2026-01-28T22:15:08] [t] [term://~/Code/sandbox/golang//71856:lazygit ;#toggleterm#101] €ýK
[2026-01-28T22:15:08] [t] [term://~/Code/sandbox/golang//71856:lazygit ;#toggleterm#101] €ýK
[2026-01-28T22:15:08] [t] [term://~/Code/sandbox/golang//71856:lazygit ;#toggleterm#101] €ýK
[2026-01-28T22:15:08] [t] [term://~/Code/sandbox/golang//71856:lazygit ;#toggleterm#101] €ýK
[2026-01-28T22:15:08] [t] [term://~/Code/sandbox/golang//71856:lazygit ;#toggleterm#101] €ýK
[2026-01-28T22:15:08] [t] [term://~/Code/sandbox/golang//71856:lazygit ;#toggleterm#101] €ýK
[2026-01-28T22:15:08] [t] [term://~/Code/sandbox/golang//71856:lazygit ;#toggleterm#101] €ýK
[2026-01-28T22:15:08] [t] [term://~/Code/sandbox/golang//71856:lazygit ;#toggleterm#101] €ýK
[2026-01-28T22:15:08] [t] [term://~/Code/sandbox/golang//71856:lazygit ;#toggleterm#101] €ýK
[2026-01-28T22:15:08] [t] [term://~/Code/sandbox/golang//71856:lazygit ;#toggleterm#101] €ýK
[2026-01-28T22:15:08] [t] [term://~/Code/sandbox/golang//71856:lazygit ;#toggleterm#101] €ýK
[2026-01-28T22:15:08] [t] [term://~/Code/sandbox/golang//71856:lazygit ;#toggleterm#101] €ýK
[2026-01-28T22:15:08] [t] [term://~/Code/sandbox/golang//71856:lazygit ;#toggleterm#101] €ýK
[2026-01-28T22:15:08] [t] [term://~/Code/sandbox/golang//71856:lazygit ;#toggleterm#101] €ýK
[2026-01-28T22:15:08] [t] [term://~/Code/sandbox/golang//71856:lazygit ;#toggleterm#101] €ýK
[2026-01-28T22:15:08] [t] [term://~/Code/sandbox/golang//71856:lazygit ;#toggleterm#101] €ýK
[2026-01-28T22:15:08] [t] [term://~/Code/sandbox/golang//71856:lazygit ;#toggleterm#101] €ýK
[2026-01-28T22:15:08] [t] [term://~/Code/sandbox/golang//71856:lazygit ;#toggleterm#101] €ýK
[2026-01-28T22:15:08] [t] [term://~/Code/sandbox/golang//71856:lazygit ;#toggleterm#101] €ýK
[2026-01-28T22:15:08] [t] [term://~/Code/sandbox/golang//71856:lazygit ;#toggleterm#101] €ýK
[2026-01-28T22:15:08] [t] [term://~/Code/sandbox/golang//71856:lazygit ;#toggleterm#101] €ýK
[2026-01-28T22:15:08] [t] [term://~/Code/sandbox/golang//71856:lazygit ;#toggleterm#101] €ýK
[2026-01-28T22:15:08] [t] [term://~/Code/sandbox/golang//71856:lazygit ;#toggleterm#101] €ýK
[2026-01-28T22:15:08] [t] [term://~/Code/sandbox/golang//71856:lazygit ;#toggleterm#101] €ýK
[2026-01-28T22:15:08] [t] [term://~/Code/sandbox/golang//71856:lazygit ;#toggleterm#101] €ýK
[2026-01-28T22:15:08] [t] [term://~/Code/sandbox/golang//71856:lazygit ;#toggleterm#101] €ýK
[2026-01-28T22:15:08] [t] [term://~/Code/sandbox/golang//71856:lazygit ;#toggleterm#101] €ýK
[2026-01-28T22:15:08] [t] [term://~/Code/sandbox/golang//71856:lazygit ;#toggleterm#101] €ýK
[2026-01-28T22:15:08] [t] [term://~/Code/sandbox/golang//71856:lazygit ;#toggleterm#101] €ýK
[2026-01-28T22:15:08] [t] [term://~/Code/sandbox/golang//71856:lazygit ;#toggleterm#101] €ýK
[2026-01-28T22:15:08] [t] [term://~/Code/sandbox/golang//71856:lazygit ;#toggleterm#101] €ýK
[2026-01-28T22:15:08] [t] [term://~/Code/sandbox/golang//71856:lazygit ;#toggleterm#101] €ýK
[2026-01-28T22:15:08] [t] [term://~/Code/sandbox/golang//71856:lazygit ;#toggleterm#101] €ýK
[2026-01-28T22:15:08] [t] [term://~/Code/sandbox/golang//71856:lazygit ;#toggleterm#101] €ýK
[2026-01-28T22:15:08] [t] [term://~/Code/sandbox/golang//71856:lazygit ;#toggleterm#101] €ýK
[2026-01-28T22:15:08] [t] [term://~/Code/sandbox/golang//71856:lazygit ;#toggleterm#101] €ýK
[2026-01-28T22:15:08] [t] [term://~/Code/sandbox/golang//71856:lazygit ;#toggleterm#101] €ýK
[2026-01-28T22:15:08] [t] [term://~/Code/sandbox/golang//71856:lazygit ;#toggleterm#101] €ýK
[2026-01-28T22:15:08] [t] [term://~/Code/sandbox/golang//71856:lazygit ;#toggleterm#101] €ýK
[2026-01-28T22:15:08] [t] [term://~/Code/sandbox/golang//71856:lazygit ;#toggleterm#101] €ýK
[2026-01-28T22:15:08] [t] [term://~/Code/sandbox/golang//71856:lazygit ;#toggleterm#101] €ýK
[2026-01-28T22:15:08] [t] [term://~/Code/sandbox/golang//71856:lazygit ;#toggleterm#101] €ýK
[2026-01-28T22:15:08] [t] [term://~/Code/sandbox/golang//71856:lazygit ;#toggleterm#101] €ýK
[2026-01-28T22:15:08] [t] [term://~/Code/sandbox/golang//71856:lazygit ;#toggleterm#101] €ýK
[2026-01-28T22:15:08] [t] [term://~/Code/sandbox/golang//71856:lazygit ;#toggleterm#101] €ýK
[2026-01-28T22:15:08] [t] [term://~/Code/sandbox/golang//71856:lazygit ;#toggleterm#101] €ýK
[2026-01-28T22:15:08] [t] [term://~/Code/sandbox/golang//71856:lazygit ;#toggleterm#101] €ýK
[2026-01-28T22:15:08] [t] [term://~/Code/sandbox/golang//71856:lazygit ;#toggleterm#101] €ýK
[2026-01-28T22:15:08] [t] [term://~/Code/sandbox/golang//71856:lazygit ;#toggleterm#101] €ýK
[2026-01-28T22:15:08] [t] [term://~/Code/sandbox/golang//71856:lazygit ;#toggleterm#101] €ýK
[2026-01-28T22:15:08] [t] [term://~/Code/sandbox/golang//71856:lazygit ;#toggleterm#101] €ýK
[2026-01-28T22:15:08] [t] [term://~/Code/sandbox/golang//71856:lazygit ;#toggleterm#101] €ýK
[2026-01-28T22:15:08] [t] [term://~/Code/sandbox/golang//71856:lazygit ;#toggleterm#101] €ýK
[2026-01-28T22:15:08] [t] [term://~/Code/sandbox/golang//71856:lazygit ;#toggleterm#101] €ýK
[2026-01-28T22:15:08] [t] [term://~/Code/sandbox/golang//71856:lazygit ;#toggleterm#101] €ýK
[2026-01-28T22:15:08] [t] [term://~/Code/sandbox/golang//71856:lazygit ;#toggleterm#101] €ýK
[2026-01-28T22:15:08] [t] [term://~/Code/sandbox/golang//71856:lazygit ;#toggleterm#101] €ýK
[2026-01-28T22:15:08] [t] [term://~/Code/sandbox/golang//71856:lazygit ;#toggleterm#101] €ýK
[2026-01-28T22:15:08] [t] [term://~/Code/sandbox/golang//71856:lazygit ;#toggleterm#101] €ýK
[2026-01-28T22:15:08] [t] [term://~/Code/sandbox/golang//71856:lazygit ;#toggleterm#101] €ýK
[2026-01-28T22:15:08] [t] [term://~/Code/sandbox/golang//71856:lazygit ;#toggleterm#101] €ýK
[2026-01-28T22:15:08] [t] [term://~/Code/sandbox/golang//71856:lazygit ;#toggleterm#101] €ýK
[2026-01-28T22:15:08] [t] [term://~/Code/sandbox/golang//71856:lazygit ;#toggleterm#101] €ýK
[2026-01-28T22:15:08] [t] [term://~/Code/sandbox/golang//71856:lazygit ;#toggleterm#101] €ýK
[2026-01-28T22:15:08] [t] [term://~/Code/sandbox/golang//71856:lazygit ;#toggleterm#101] €ýK
[2026-01-28T22:15:08] [t] [term://~/Code/sandbox/golang//71856:lazygit ;#toggleterm#101] €ýK
[2026-01-28T22:15:08] [t] [term://~/Code/sandbox/golang//71856:lazygit ;#toggleterm#101] €ýK
[2026-01-28T22:15:08] [t] [term://~/Code/sandbox/golang//71856:lazygit ;#toggleterm#101] €ýK
[2026-01-28T22:15:08] [t] [term://~/Code/sandbox/golang//71856:lazygit ;#toggleterm#101] €ýK
[2026-01-28T22:15:08] [t] [term://~/Code/sandbox/golang//71856:lazygit ;#toggleterm#101] €ýK
[2026-01-28T22:15:08] [t] [term://~/Code/sandbox/golang//71856:lazygit ;#toggleterm#101] €ýK
[2026-01-28T22:15:08] [t] [term://~/Code/sandbox/golang//71856:lazygit ;#toggleterm#101] €ýK
[2026-01-28T22:15:08] [t] [term://~/Code/sandbox/golang//71856:lazygit ;#toggleterm#101] €ýK
[2026-01-28T22:15:08] [t] [term://~/Code/sandbox/golang//71856:lazygit ;#toggleterm#101] €ýK
[2026-01-28T22:15:08] [t] [term://~/Code/sandbox/golang//71856:lazygit ;#toggleterm#101] €ýK
[2026-01-28T22:15:08] [t] [term://~/Code/sandbox/golang//71856:lazygit ;#toggleterm#101] €ýK
[2026-01-28T22:15:09] [t] [term://~/Code/sandbox/golang//71856:lazygit ;#toggleterm#101] €ýK
[2026-01-28T22:15:09] [t] [term://~/Code/sandbox/golang//71856:lazygit ;#toggleterm#101] €ýM
[2026-01-28T22:15:10] [t] [term://~/Code/sandbox/golang//71856:lazygit ;#toggleterm#101] €ý,
[2026-01-28T22:15:10] [t] [term://~/Code/sandbox/golang//71856:lazygit ;#toggleterm#101] €ý.
[2026-01-28T22:15:10] [t] [term://~/Code/sandbox/golang//71856:lazygit ;#toggleterm#101] €ý,
[2026-01-28T22:15:10] [t] [term://~/Code/sandbox/golang//71856:lazygit ;#toggleterm#101] €ý.
[2026-01-28T22:15:13] [t] [term://~/Code/sandbox/golang//71856:lazygit ;#toggleterm#101] h
[2026-01-28T22:15:15] [t] [term://~/Code/sandbox/golang//71856:lazygit ;#toggleterm#101] 2
[2026-01-28T22:15:17] [t] [term://~/Code/sandbox/golang//71856:lazygit ;#toggleterm#101] 
[2026-01-28T22:15:19] [t] [term://~/Code/sandbox/golang//71856:lazygit ;#toggleterm#101] J
[2026-01-28T22:15:20] [t] [term://~/Code/sandbox/golang//71856:lazygit ;#toggleterm#101] j
[2026-01-28T22:15:21] [t] [term://~/Code/sandbox/golang//71856:lazygit ;#toggleterm#101]  
[2026-01-28T22:15:21] [t] [term://~/Code/sandbox/golang//71856:lazygit ;#toggleterm#101]  
[2026-01-28T22:15:23] [t] [term://~/Code/sandbox/golang//71856:lazygit ;#toggleterm#101] j
[2026-01-28T22:15:23] [t] [term://~/Code/sandbox/golang//71856:lazygit ;#toggleterm#101] j
[2026-01-28T22:15:23] [t] [term://~/Code/sandbox/golang//71856:lazygit ;#toggleterm#101] j
[2026-01-28T22:15:23] [t] [term://~/Code/sandbox/golang//71856:lazygit ;#toggleterm#101] j
[2026-01-28T22:15:24] [t] [term://~/Code/sandbox/golang//71856:lazygit ;#toggleterm#101] j
[2026-01-28T22:15:24] [t] [term://~/Code/sandbox/golang//71856:lazygit ;#toggleterm#101] j
[2026-01-28T22:15:24] [t] [term://~/Code/sandbox/golang//71856:lazygit ;#toggleterm#101] j
[2026-01-28T22:15:24] [t] [term://~/Code/sandbox/golang//71856:lazygit ;#toggleterm#101] j
[2026-01-28T22:15:24] [t] [term://~/Code/sandbox/golang//71856:lazygit ;#toggleterm#101] j
[2026-01-28T22:15:24] [t] [term://~/Code/sandbox/golang//71856:lazygit ;#toggleterm#101] j
[2026-01-28T22:15:24] [t] [term://~/Code/sandbox/golang//71856:lazygit ;#toggleterm#101] j
[2026-01-28T22:15:25] [t] [term://~/Code/sandbox/golang//71856:lazygit ;#toggleterm#101] j
[2026-01-28T22:15:25] [t] [term://~/Code/sandbox/golang//71856:lazygit ;#toggleterm#101] j
[2026-01-28T22:15:25] [t] [term://~/Code/sandbox/golang//71856:lazygit ;#toggleterm#101] j
[2026-01-28T22:15:25] [t] [term://~/Code/sandbox/golang//71856:lazygit ;#toggleterm#101] j
[2026-01-28T22:15:25] [t] [term://~/Code/sandbox/golang//71856:lazygit ;#toggleterm#101] j
[2026-01-28T22:15:25] [t] [term://~/Code/sandbox/golang//71856:lazygit ;#toggleterm#101] j
[2026-01-28T22:15:25] [t] [term://~/Code/sandbox/golang//71856:lazygit ;#toggleterm#101] j
[2026-01-28T22:15:25] [t] [term://~/Code/sandbox/golang//71856:lazygit ;#toggleterm#101] j
[2026-01-28T22:15:25] [t] [term://~/Code/sandbox/golang//71856:lazygit ;#toggleterm#101] j
[2026-01-28T22:15:25] [t] [term://~/Code/sandbox/golang//71856:lazygit ;#toggleterm#101] j
[2026-01-28T22:15:25] [t] [term://~/Code/sandbox/golang//71856:lazygit ;#toggleterm#101] j
[2026-01-28T22:15:25] [t] [term://~/Code/sandbox/golang//71856:lazygit ;#toggleterm#101] j
[2026-01-28T22:15:26] [t] [term://~/Code/sandbox/golang//71856:lazygit ;#toggleterm#101] j
[2026-01-28T22:15:26] [t] [term://~/Code/sandbox/golang//71856:lazygit ;#toggleterm#101] j
[2026-01-28T22:15:26] [t] [term://~/Code/sandbox/golang//71856:lazygit ;#toggleterm#101] j
[2026-01-28T22:15:26] [t] [term://~/Code/sandbox/golang//71856:lazygit ;#toggleterm#101] j
[2026-01-28T22:15:26] [t] [term://~/Code/sandbox/golang//71856:lazygit ;#toggleterm#101] j
[2026-01-28T22:15:26] [t] [term://~/Code/sandbox/golang//71856:lazygit ;#toggleterm#101] j
[2026-01-28T22:15:26] [t] [term://~/Code/sandbox/golang//71856:lazygit ;#toggleterm#101] j
[2026-01-28T22:15:26] [t] [term://~/Code/sandbox/golang//71856:lazygit ;#toggleterm#101] j
[2026-01-28T22:15:26] [t] [term://~/Code/sandbox/golang//71856:lazygit ;#toggleterm#101] j
[2026-01-28T22:15:26] [t] [term://~/Code/sandbox/golang//71856:lazygit ;#toggleterm#101] j
[2026-01-28T22:15:26] [t] [term://~/Code/sandbox/golang//71856:lazygit ;#toggleterm#101] j
[2026-01-28T22:15:26] [t] [term://~/Code/sandbox/golang//71856:lazygit ;#toggleterm#101] j
[2026-01-28T22:15:27] [t] [term://~/Code/sandbox/golang//71856:lazygit ;#toggleterm#101] j
[2026-01-28T22:15:27] [t] [term://~/Code/sandbox/golang//71856:lazygit ;#toggleterm#101] j
[2026-01-28T22:15:27] [t] [term://~/Code/sandbox/golang//71856:lazygit ;#toggleterm#101] j
[2026-01-28T22:15:27] [t] [term://~/Code/sandbox/golang//71856:lazygit ;#toggleterm#101] j
[2026-01-28T22:15:27] [t] [term://~/Code/sandbox/golang//71856:lazygit ;#toggleterm#101] j
[2026-01-28T22:15:27] [t] [term://~/Code/sandbox/golang//71856:lazygit ;#toggleterm#101] j
[2026-01-28T22:15:27] [t] [term://~/Code/sandbox/golang//71856:lazygit ;#toggleterm#101] j
[2026-01-28T22:15:27] [t] [term://~/Code/sandbox/golang//71856:lazygit ;#toggleterm#101] j
[2026-01-28T22:15:27] [t] [term://~/Code/sandbox/golang//71856:lazygit ;#toggleterm#101] j
[2026-01-28T22:15:27] [t] [term://~/Code/sandbox/golang//71856:lazygit ;#toggleterm#101] j
[2026-01-28T22:15:27] [t] [term://~/Code/sandbox/golang//71856:lazygit ;#toggleterm#101] j
[2026-01-28T22:15:27] [t] [term://~/Code/sandbox/golang//71856:lazygit ;#toggleterm#101] j
[2026-01-28T22:15:28] [t] [term://~/Code/sandbox/golang//71856:lazygit ;#toggleterm#101] j
[2026-01-28T22:15:28] [t] [term://~/Code/sandbox/golang//71856:lazygit ;#toggleterm#101] j
[2026-01-28T22:15:28] [t] [term://~/Code/sandbox/golang//71856:lazygit ;#toggleterm#101] j
[2026-01-28T22:15:28] [t] [term://~/Code/sandbox/golang//71856:lazygit ;#toggleterm#101] j
[2026-01-28T22:15:28] [t] [term://~/Code/sandbox/golang//71856:lazygit ;#toggleterm#101] j
[2026-01-28T22:15:28] [t] [term://~/Code/sandbox/golang//71856:lazygit ;#toggleterm#101] j
[2026-01-28T22:15:28] [t] [term://~/Code/sandbox/golang//71856:lazygit ;#toggleterm#101] j
[2026-01-28T22:15:28] [t] [term://~/Code/sandbox/golang//71856:lazygit ;#toggleterm#101] j
[2026-01-28T22:15:28] [t] [term://~/Code/sandbox/golang//71856:lazygit ;#toggleterm#101] j
[2026-01-28T22:15:28] [t] [term://~/Code/sandbox/golang//71856:lazygit ;#toggleterm#101] j
[2026-01-28T22:15:28] [t] [term://~/Code/sandbox/golang//71856:lazygit ;#toggleterm#101] j
[2026-01-28T22:15:28] [t] [term://~/Code/sandbox/golang//71856:lazygit ;#toggleterm#101] j
[2026-01-28T22:15:30] [t] [term://~/Code/sandbox/golang//71856:lazygit ;#toggleterm#101] €ýL
[2026-01-28T22:15:30] [t] [term://~/Code/sandbox/golang//71856:lazygit ;#toggleterm#101] €ýL
[2026-01-28T22:15:30] [t] [term://~/Code/sandbox/golang//71856:lazygit ;#toggleterm#101] €ýL
[2026-01-28T22:15:30] [t] [term://~/Code/sandbox/golang//71856:lazygit ;#toggleterm#101] €ýL
[2026-01-28T22:15:30] [t] [term://~/Code/sandbox/golang//71856:lazygit ;#toggleterm#101] €ýL
[2026-01-28T22:15:30] [t] [term://~/Code/sandbox/golang//71856:lazygit ;#toggleterm#101] €ýL
[2026-01-28T22:15:30] [t] [term://~/Code/sandbox/golang//71856:lazygit ;#toggleterm#101] €ýL
[2026-01-28T22:15:30] [t] [term://~/Code/sandbox/golang//71856:lazygit ;#toggleterm#101] €ýL
[2026-01-28T22:15:30] [t] [term://~/Code/sandbox/golang//71856:lazygit ;#toggleterm#101] €ýL
[2026-01-28T22:15:30] [t] [term://~/Code/sandbox/golang//71856:lazygit ;#toggleterm#101] €ýL
[2026-01-28T22:15:30] [t] [term://~/Code/sandbox/golang//71856:lazygit ;#toggleterm#101] €ýL
[2026-01-28T22:15:30] [t] [term://~/Code/sandbox/golang//71856:lazygit ;#toggleterm#101] €ýL
[2026-01-28T22:15:30] [t] [term://~/Code/sandbox/golang//71856:lazygit ;#toggleterm#101] €ýL
[2026-01-28T22:15:30] [t] [term://~/Code/sandbox/golang//71856:lazygit ;#toggleterm#101] €ýL
[2026-01-28T22:15:30] [t] [term://~/Code/sandbox/golang//71856:lazygit ;#toggleterm#101] €ýL
[2026-01-28T22:15:30] [t] [term://~/Code/sandbox/golang//71856:lazygit ;#toggleterm#101] €ýL
[2026-01-28T22:15:30] [t] [term://~/Code/sandbox/golang//71856:lazygit ;#toggleterm#101] €ýL
[2026-01-28T22:15:30] [t] [term://~/Code/sandbox/golang//71856:lazygit ;#toggleterm#101] €ýL
[2026-01-28T22:15:30] [t] [term://~/Code/sandbox/golang//71856:lazygit ;#toggleterm#101] €ýL
[2026-01-28T22:15:30] [t] [term://~/Code/sandbox/golang//71856:lazygit ;#toggleterm#101] €ýL
[2026-01-28T22:15:30] [t] [term://~/Code/sandbox/golang//71856:lazygit ;#toggleterm#101] €ýL
[2026-01-28T22:15:30] [t] [term://~/Code/sandbox/golang//71856:lazygit ;#toggleterm#101] €ýL
[2026-01-28T22:15:30] [t] [term://~/Code/sandbox/golang//71856:lazygit ;#toggleterm#101] €ýL
[2026-01-28T22:15:30] [t] [term://~/Code/sandbox/golang//71856:lazygit ;#toggleterm#101] €ýL
[2026-01-28T22:15:30] [t] [term://~/Code/sandbox/golang//71856:lazygit ;#toggleterm#101] €ýL
[2026-01-28T22:15:30] [t] [term://~/Code/sandbox/golang//71856:lazygit ;#toggleterm#101] €ýL
[2026-01-28T22:15:30] [t] [term://~/Code/sandbox/golang//71856:lazygit ;#toggleterm#101] €ýL
[2026-01-28T22:15:30] [t] [term://~/Code/sandbox/golang//71856:lazygit ;#toggleterm#101] €ýL
[2026-01-28T22:15:30] [t] [term://~/Code/sandbox/golang//71856:lazygit ;#toggleterm#101] €ýL
[2026-01-28T22:15:30] [t] [term://~/Code/sandbox/golang//71856:lazygit ;#toggleterm#101] €ýL
[2026-01-28T22:15:30] [t] [term://~/Code/sandbox/golang//71856:lazygit ;#toggleterm#101] €ýL
[2026-01-28T22:15:31] [t] [term://~/Code/sandbox/golang//71856:lazygit ;#toggleterm#101] €ýL
[2026-01-28T22:15:31] [t] [term://~/Code/sandbox/golang//71856:lazygit ;#toggleterm#101] €ýL
[2026-01-28T22:15:31] [t] [term://~/Code/sandbox/golang//71856:lazygit ;#toggleterm#101] €ýL
[2026-01-28T22:15:31] [t] [term://~/Code/sandbox/golang//71856:lazygit ;#toggleterm#101] €ýL
[2026-01-28T22:15:31] [t] [term://~/Code/sandbox/golang//71856:lazygit ;#toggleterm#101] €ýL
[2026-01-28T22:15:31] [t] [term://~/Code/sandbox/golang//71856:lazygit ;#toggleterm#101] €ýL
[2026-01-28T22:15:31] [t] [term://~/Code/sandbox/golang//71856:lazygit ;#toggleterm#101] €ýL
[2026-01-28T22:15:31] [t] [term://~/Code/sandbox/golang//71856:lazygit ;#toggleterm#101] €ýL
[2026-01-28T22:15:31] [t] [term://~/Code/sandbox/golang//71856:lazygit ;#toggleterm#101] €ýL
[2026-01-28T22:15:31] [t] [term://~/Code/sandbox/golang//71856:lazygit ;#toggleterm#101] €ýL
[2026-01-28T22:15:31] [t] [term://~/Code/sandbox/golang//71856:lazygit ;#toggleterm#101] €ýL
[2026-01-28T22:15:31] [t] [term://~/Code/sandbox/golang//71856:lazygit ;#toggleterm#101] €ýL
[2026-01-28T22:15:31] [t] [term://~/Code/sandbox/golang//71856:lazygit ;#toggleterm#101] €ýL
[2026-01-28T22:15:31] [t] [term://~/Code/sandbox/golang//71856:lazygit ;#toggleterm#101] €ýL
[2026-01-28T22:15:31] [t] [term://~/Code/sandbox/golang//71856:lazygit ;#toggleterm#101] €ýL
[2026-01-28T22:15:31] [t] [term://~/Code/sandbox/golang//71856:lazygit ;#toggleterm#101] €ýL
[2026-01-28T22:15:31] [t] [term://~/Code/sandbox/golang//71856:lazygit ;#toggleterm#101] €ýL
[2026-01-28T22:15:31] [t] [term://~/Code/sandbox/golang//71856:lazygit ;#toggleterm#101] €ýL
[2026-01-28T22:15:31] [t] [term://~/Code/sandbox/golang//71856:lazygit ;#toggleterm#101] €ýL
[2026-01-28T22:15:31] [t] [term://~/Code/sandbox/golang//71856:lazygit ;#toggleterm#101] €ýL
[2026-01-28T22:15:31] [t] [term://~/Code/sandbox/golang//71856:lazygit ;#toggleterm#101] €ýL
[2026-01-28T22:15:31] [t] [term://~/Code/sandbox/golang//71856:lazygit ;#toggleterm#101] €ýL
[2026-01-28T22:15:31] [t] [term://~/Code/sandbox/golang//71856:lazygit ;#toggleterm#101] €ýL
[2026-01-28T22:15:31] [t] [term://~/Code/sandbox/golang//71856:lazygit ;#toggleterm#101] €ýL
[2026-01-28T22:15:31] [t] [term://~/Code/sandbox/golang//71856:lazygit ;#toggleterm#101] €ýL
[2026-01-28T22:15:31] [t] [term://~/Code/sandbox/golang//71856:lazygit ;#toggleterm#101] €ýL
[2026-01-28T22:15:31] [t] [term://~/Code/sandbox/golang//71856:lazygit ;#toggleterm#101] €ýL
[2026-01-28T22:15:31] [t] [term://~/Code/sandbox/golang//71856:lazygit ;#toggleterm#101] €ýL
[2026-01-28T22:15:31] [t] [term://~/Code/sandbox/golang//71856:lazygit ;#toggleterm#101] €ýL
[2026-01-28T22:15:31] [t] [term://~/Code/sandbox/golang//71856:lazygit ;#toggleterm#101] €ýL
[2026-01-28T22:15:31] [t] [term://~/Code/sandbox/golang//71856:lazygit ;#toggleterm#101] €ýL
[2026-01-28T22:15:31] [t] [term://~/Code/sandbox/golang//71856:lazygit ;#toggleterm#101] €ýL
[2026-01-28T22:15:31] [t] [term://~/Code/sandbox/golang//71856:lazygit ;#toggleterm#101] €ýL
[2026-01-28T22:15:31] [t] [term://~/Code/sandbox/golang//71856:lazygit ;#toggleterm#101] €ýL
[2026-01-28T22:15:31] [t] [term://~/Code/sandbox/golang//71856:lazygit ;#toggleterm#101] €ýL
[2026-01-28T22:15:31] [t] [term://~/Code/sandbox/golang//71856:lazygit ;#toggleterm#101] €ýL
[2026-01-28T22:15:31] [t] [term://~/Code/sandbox/golang//71856:lazygit ;#toggleterm#101] €ýL
[2026-01-28T22:15:31] [t] [term://~/Code/sandbox/golang//71856:lazygit ;#toggleterm#101] €ýL
[2026-01-28T22:15:31] [t] [term://~/Code/sandbox/golang//71856:lazygit ;#toggleterm#101] €ýL
[2026-01-28T22:15:31] [t] [term://~/Code/sandbox/golang//71856:lazygit ;#toggleterm#101] €ýL
[2026-01-28T22:15:31] [t] [term://~/Code/sandbox/golang//71856:lazygit ;#toggleterm#101] €ýL
[2026-01-28T22:15:31] [t] [term://~/Code/sandbox/golang//71856:lazygit ;#toggleterm#101] €ýL
[2026-01-28T22:15:31] [t] [term://~/Code/sandbox/golang//71856:lazygit ;#toggleterm#101] €ýL
[2026-01-28T22:15:31] [t] [term://~/Code/sandbox/golang//71856:lazygit ;#toggleterm#101] €ýL
[2026-01-28T22:15:31] [t] [term://~/Code/sandbox/golang//71856:lazygit ;#toggleterm#101] €ýL
[2026-01-28T22:15:31] [t] [term://~/Code/sandbox/golang//71856:lazygit ;#toggleterm#101] €ýL
[2026-01-28T22:15:31] [t] [term://~/Code/sandbox/golang//71856:lazygit ;#toggleterm#101] €ýL
[2026-01-28T22:15:31] [t] [term://~/Code/sandbox/golang//71856:lazygit ;#toggleterm#101] €ýL
[2026-01-28T22:15:31] [t] [term://~/Code/sandbox/golang//71856:lazygit ;#toggleterm#101] €ýL
[2026-01-28T22:15:31] [t] [term://~/Code/sandbox/golang//71856:lazygit ;#toggleterm#101] €ýL
[2026-01-28T22:15:31] [t] [term://~/Code/sandbox/golang//71856:lazygit ;#toggleterm#101] €ýL
[2026-01-28T22:15:31] [t] [term://~/Code/sandbox/golang//71856:lazygit ;#toggleterm#101] €ýL
[2026-01-28T22:15:31] [t] [term://~/Code/sandbox/golang//71856:lazygit ;#toggleterm#101] €ýL
[2026-01-28T22:15:31] [t] [term://~/Code/sandbox/golang//71856:lazygit ;#toggleterm#101] €ýL
[2026-01-28T22:15:31] [t] [term://~/Code/sandbox/golang//71856:lazygit ;#toggleterm#101] €ýL
[2026-01-28T22:15:31] [t] [term://~/Code/sandbox/golang//71856:lazygit ;#toggleterm#101] €ýL
[2026-01-28T22:15:31] [t] [term://~/Code/sandbox/golang//71856:lazygit ;#toggleterm#101] €ýL
[2026-01-28T22:15:31] [t] [term://~/Code/sandbox/golang//71856:lazygit ;#toggleterm#101] €ýL
[2026-01-28T22:15:31] [t] [term://~/Code/sandbox/golang//71856:lazygit ;#toggleterm#101] €ýL
[2026-01-28T22:15:31] [t] [term://~/Code/sandbox/golang//71856:lazygit ;#toggleterm#101] €ýL
[2026-01-28T22:15:31] [t] [term://~/Code/sandbox/golang//71856:lazygit ;#toggleterm#101] €ýL
[2026-01-28T22:15:31] [t] [term://~/Code/sandbox/golang//71856:lazygit ;#toggleterm#101] €ýL
[2026-01-28T22:15:31] [t] [term://~/Code/sandbox/golang//71856:lazygit ;#toggleterm#101] €ýL
[2026-01-28T22:15:31] [t] [term://~/Code/sandbox/golang//71856:lazygit ;#toggleterm#101] €ýL
[2026-01-28T22:15:31] [t] [term://~/Code/sandbox/golang//71856:lazygit ;#toggleterm#101] €ýL
[2026-01-28T22:15:31] [t] [term://~/Code/sandbox/golang//71856:lazygit ;#toggleterm#101] €ýL
[2026-01-28T22:15:31] [t] [term://~/Code/sandbox/golang//71856:lazygit ;#toggleterm#101] €ýL
[2026-01-28T22:15:31] [t] [term://~/Code/sandbox/golang//71856:lazygit ;#toggleterm#101] €ýL
[2026-01-28T22:15:31] [t] [term://~/Code/sandbox/golang//71856:lazygit ;#toggleterm#101] €ýL
[2026-01-28T22:15:31] [t] [term://~/Code/sandbox/golang//71856:lazygit ;#toggleterm#101] €ýL
[2026-01-28T22:15:31] [t] [term://~/Code/sandbox/golang//71856:lazygit ;#toggleterm#101] €ýL
[2026-01-28T22:15:31] [t] [term://~/Code/sandbox/golang//71856:lazygit ;#toggleterm#101] €ýL
[2026-01-28T22:15:31] [t] [term://~/Code/sandbox/golang//71856:lazygit ;#toggleterm#101] €ýL
[2026-01-28T22:15:31] [t] [term://~/Code/sandbox/golang//71856:lazygit ;#toggleterm#101] €ýL
[2026-01-28T22:15:31] [t] [term://~/Code/sandbox/golang//71856:lazygit ;#toggleterm#101] €ýL
[2026-01-28T22:15:31] [t] [term://~/Code/sandbox/golang//71856:lazygit ;#toggleterm#101] €ýL
[2026-01-28T22:15:31] [t] [term://~/Code/sandbox/golang//71856:lazygit ;#toggleterm#101] €ýL
[2026-01-28T22:15:31] [t] [term://~/Code/sandbox/golang//71856:lazygit ;#toggleterm#101] €ýL
[2026-01-28T22:15:31] [t] [term://~/Code/sandbox/golang//71856:lazygit ;#toggleterm#101] €ýL
[2026-01-28T22:15:31] [t] [term://~/Code/sandbox/golang//71856:lazygit ;#toggleterm#101] €ýL
[2026-01-28T22:15:31] [t] [term://~/Code/sandbox/golang//71856:lazygit ;#toggleterm#101] €ýL
[2026-01-28T22:15:31] [t] [term://~/Code/sandbox/golang//71856:lazygit ;#toggleterm#101] €ýL
[2026-01-28T22:15:31] [t] [term://~/Code/sandbox/golang//71856:lazygit ;#toggleterm#101] €ýL
[2026-01-28T22:15:31] [t] [term://~/Code/sandbox/golang//71856:lazygit ;#toggleterm#101] €ýL
[2026-01-28T22:15:31] [t] [term://~/Code/sandbox/golang//71856:lazygit ;#toggleterm#101] €ýL
[2026-01-28T22:15:31] [t] [term://~/Code/sandbox/golang//71856:lazygit ;#toggleterm#101] €ýL
[2026-01-28T22:15:31] [t] [term://~/Code/sandbox/golang//71856:lazygit ;#toggleterm#101] €ýL
[2026-01-28T22:15:31] [t] [term://~/Code/sandbox/golang//71856:lazygit ;#toggleterm#101] €ýL
[2026-01-28T22:15:31] [t] [term://~/Code/sandbox/golang//71856:lazygit ;#toggleterm#101] €ýL
[2026-01-28T22:15:31] [t] [term://~/Code/sandbox/golang//71856:lazygit ;#toggleterm#101] €ýL
[2026-01-28T22:15:31] [t] [term://~/Code/sandbox/golang//71856:lazygit ;#toggleterm#101] €ýL
[2026-01-28T22:15:31] [t] [term://~/Code/sandbox/golang//71856:lazygit ;#toggleterm#101] €ýL
[2026-01-28T22:15:32] [t] [term://~/Code/sandbox/golang//71856:lazygit ;#toggleterm#101] €ýK
[2026-01-28T22:15:32] [t] [term://~/Code/sandbox/golang//71856:lazygit ;#toggleterm#101] €ýK
[2026-01-28T22:15:32] [t] [term://~/Code/sandbox/golang//71856:lazygit ;#toggleterm#101] €ýK
[2026-01-28T22:15:32] [t] [term://~/Code/sandbox/golang//71856:lazygit ;#toggleterm#101] €ýK
[2026-01-28T22:15:32] [t] [term://~/Code/sandbox/golang//71856:lazygit ;#toggleterm#101] €ýK
[2026-01-28T22:15:32] [t] [term://~/Code/sandbox/golang//71856:lazygit ;#toggleterm#101] €ýK
[2026-01-28T22:15:32] [t] [term://~/Code/sandbox/golang//71856:lazygit ;#toggleterm#101] €ýK
[2026-01-28T22:15:32] [t] [term://~/Code/sandbox/golang//71856:lazygit ;#toggleterm#101] €ýK
[2026-01-28T22:15:32] [t] [term://~/Code/sandbox/golang//71856:lazygit ;#toggleterm#101] €ýK
[2026-01-28T22:15:32] [t] [term://~/Code/sandbox/golang//71856:lazygit ;#toggleterm#101] €ýK
[2026-01-28T22:15:32] [t] [term://~/Code/sandbox/golang//71856:lazygit ;#toggleterm#101] €ýK
[2026-01-28T22:15:32] [t] [term://~/Code/sandbox/golang//71856:lazygit ;#toggleterm#101] €ýK
[2026-01-28T22:15:32] [t] [term://~/Code/sandbox/golang//71856:lazygit ;#toggleterm#101] €ýK
[2026-01-28T22:15:32] [t] [term://~/Code/sandbox/golang//71856:lazygit ;#toggleterm#101] €ýK
[2026-01-28T22:15:32] [t] [term://~/Code/sandbox/golang//71856:lazygit ;#toggleterm#101] €ýK
[2026-01-28T22:15:32] [t] [term://~/Code/sandbox/golang//71856:lazygit ;#toggleterm#101] €ýK
[2026-01-28T22:15:32] [t] [term://~/Code/sandbox/golang//71856:lazygit ;#toggleterm#101] €ýK
[2026-01-28T22:15:32] [t] [term://~/Code/sandbox/golang//71856:lazygit ;#toggleterm#101] €ýK
[2026-01-28T22:15:32] [t] [term://~/Code/sandbox/golang//71856:lazygit ;#toggleterm#101] €ýK
[2026-01-28T22:15:32] [t] [term://~/Code/sandbox/golang//71856:lazygit ;#toggleterm#101] €ýK
[2026-01-28T22:15:32] [t] [term://~/Code/sandbox/golang//71856:lazygit ;#toggleterm#101] €ýK
[2026-01-28T22:15:32] [t] [term://~/Code/sandbox/golang//71856:lazygit ;#toggleterm#101] €ýK
[2026-01-28T22:15:32] [t] [term://~/Code/sandbox/golang//71856:lazygit ;#toggleterm#101] €ýK
[2026-01-28T22:15:32] [t] [term://~/Code/sandbox/golang//71856:lazygit ;#toggleterm#101] €ýK
[2026-01-28T22:15:32] [t] [term://~/Code/sandbox/golang//71856:lazygit ;#toggleterm#101] €ýK
[2026-01-28T22:15:32] [t] [term://~/Code/sandbox/golang//71856:lazygit ;#toggleterm#101] €ýK
[2026-01-28T22:15:32] [t] [term://~/Code/sandbox/golang//71856:lazygit ;#toggleterm#101] €ýK
[2026-01-28T22:15:32] [t] [term://~/Code/sandbox/golang//71856:lazygit ;#toggleterm#101] €ýK
[2026-01-28T22:15:32] [t] [term://~/Code/sandbox/golang//71856:lazygit ;#toggleterm#101] €ýK
[2026-01-28T22:15:32] [t] [term://~/Code/sandbox/golang//71856:lazygit ;#toggleterm#101] €ýK
[2026-01-28T22:15:32] [t] [term://~/Code/sandbox/golang//71856:lazygit ;#toggleterm#101] €ýK
[2026-01-28T22:15:32] [t] [term://~/Code/sandbox/golang//71856:lazygit ;#toggleterm#101] €ýK
[2026-01-28T22:15:32] [t] [term://~/Code/sandbox/golang//71856:lazygit ;#toggleterm#101] €ýM
[2026-01-28T22:15:32] [t] [term://~/Code/sandbox/golang//71856:lazygit ;#toggleterm#101] €ýL
[2026-01-28T22:15:32] [t] [term://~/Code/sandbox/golang//71856:lazygit ;#toggleterm#101] €ýL
[2026-01-28T22:15:32] [t] [term://~/Code/sandbox/golang//71856:lazygit ;#toggleterm#101] €ýL
[2026-01-28T22:15:32] [t] [term://~/Code/sandbox/golang//71856:lazygit ;#toggleterm#101] €ýL
[2026-01-28T22:15:32] [t] [term://~/Code/sandbox/golang//71856:lazygit ;#toggleterm#101] €ýL
[2026-01-28T22:15:32] [t] [term://~/Code/sandbox/golang//71856:lazygit ;#toggleterm#101] €ýL
[2026-01-28T22:15:32] [t] [term://~/Code/sandbox/golang//71856:lazygit ;#toggleterm#101] €ýL
[2026-01-28T22:15:32] [t] [term://~/Code/sandbox/golang//71856:lazygit ;#toggleterm#101] €ýL
[2026-01-28T22:15:32] [t] [term://~/Code/sandbox/golang//71856:lazygit ;#toggleterm#101] €ýL
[2026-01-28T22:15:32] [t] [term://~/Code/sandbox/golang//71856:lazygit ;#toggleterm#101] €ýL
[2026-01-28T22:15:32] [t] [term://~/Code/sandbox/golang//71856:lazygit ;#toggleterm#101] €ýN
[2026-01-28T22:15:32] [t] [term://~/Code/sandbox/golang//71856:lazygit ;#toggleterm#101] €ýL
[2026-01-28T22:15:33] [t] [term://~/Code/sandbox/golang//71856:lazygit ;#toggleterm#101] €ýN
[2026-01-28T22:15:33] [t] [term://~/Code/sandbox/golang//71856:lazygit ;#toggleterm#101] €ýL
[2026-01-28T22:15:33] [t] [term://~/Code/sandbox/golang//71856:lazygit ;#toggleterm#101] €ýN
[2026-01-28T22:15:33] [t] [term://~/Code/sandbox/golang//71856:lazygit ;#toggleterm#101] €ýL
[2026-01-28T22:15:33] [t] [term://~/Code/sandbox/golang//71856:lazygit ;#toggleterm#101] €ýL
[2026-01-28T22:15:33] [t] [term://~/Code/sandbox/golang//71856:lazygit ;#toggleterm#101] €ýL
[2026-01-28T22:15:33] [t] [term://~/Code/sandbox/golang//71856:lazygit ;#toggleterm#101] €ýL
[2026-01-28T22:15:33] [t] [term://~/Code/sandbox/golang//71856:lazygit ;#toggleterm#101] €ýL
[2026-01-28T22:15:33] [t] [term://~/Code/sandbox/golang//71856:lazygit ;#toggleterm#101] €ýL
[2026-01-28T22:15:33] [t] [term://~/Code/sandbox/golang//71856:lazygit ;#toggleterm#101] €ýL
[2026-01-28T22:15:33] [t] [term://~/Code/sandbox/golang//71856:lazygit ;#toggleterm#101] €ýL
[2026-01-28T22:15:34] [t] [term://~/Code/sandbox/golang//71856:lazygit ;#toggleterm#101] €ýN
[2026-01-28T22:15:34] [t] [term://~/Code/sandbox/golang//71856:lazygit ;#toggleterm#101] €ýL
[2026-01-28T22:15:34] [t] [term://~/Code/sandbox/golang//71856:lazygit ;#toggleterm#101] €ýN
[2026-01-28T22:15:34] [t] [term://~/Code/sandbox/golang//71856:lazygit ;#toggleterm#101] €ýL
[2026-01-28T22:15:34] [t] [term://~/Code/sandbox/golang//71856:lazygit ;#toggleterm#101] €ýN
[2026-01-28T22:15:34] [t] [term://~/Code/sandbox/golang//71856:lazygit ;#toggleterm#101] €ýN
[2026-01-28T22:15:34] [t] [term://~/Code/sandbox/golang//71856:lazygit ;#toggleterm#101] €ýL
[2026-01-28T22:15:34] [t] [term://~/Code/sandbox/golang//71856:lazygit ;#toggleterm#101] €ýN
[2026-01-28T22:15:34] [t] [term://~/Code/sandbox/golang//71856:lazygit ;#toggleterm#101] €ýL
[2026-01-28T22:15:34] [t] [term://~/Code/sandbox/golang//71856:lazygit ;#toggleterm#101] €ýN
[2026-01-28T22:15:34] [t] [term://~/Code/sandbox/golang//71856:lazygit ;#toggleterm#101] €ýN
[2026-01-28T22:15:34] [t] [term://~/Code/sandbox/golang//71856:lazygit ;#toggleterm#101] €ýL
[2026-01-28T22:15:34] [t] [term://~/Code/sandbox/golang//71856:lazygit ;#toggleterm#101] €ýN
[2026-01-28T22:15:34] [t] [term://~/Code/sandbox/golang//71856:lazygit ;#toggleterm#101] €ýN
[2026-01-28T22:15:34] [t] [term://~/Code/sandbox/golang//71856:lazygit ;#toggleterm#101] €ýL
[2026-01-28T22:15:34] [t] [term://~/Code/sandbox/golang//71856:lazygit ;#toggleterm#101] €ýN
[2026-01-28T22:15:34] [t] [term://~/Code/sandbox/golang//71856:lazygit ;#toggleterm#101] €ýL
[2026-01-28T22:15:34] [t] [term://~/Code/sandbox/golang//71856:lazygit ;#toggleterm#101] €ýL
[2026-01-28T22:15:34] [t] [term://~/Code/sandbox/golang//71856:lazygit ;#toggleterm#101] €ýL
[2026-01-28T22:15:34] [t] [term://~/Code/sandbox/golang//71856:lazygit ;#toggleterm#101] €ýL
[2026-01-28T22:15:34] [t] [term://~/Code/sandbox/golang//71856:lazygit ;#toggleterm#101] €ýL
[2026-01-28T22:15:34] [t] [term://~/Code/sandbox/golang//71856:lazygit ;#toggleterm#101] €ýL
[2026-01-28T22:15:34] [t] [term://~/Code/sandbox/golang//71856:lazygit ;#toggleterm#101] €ýL
[2026-01-28T22:15:34] [t] [term://~/Code/sandbox/golang//71856:lazygit ;#toggleterm#101] €ýL
[2026-01-28T22:15:34] [t] [term://~/Code/sandbox/golang//71856:lazygit ;#toggleterm#101] €ýN
[2026-01-28T22:15:35] [t] [term://~/Code/sandbox/golang//71856:lazygit ;#toggleterm#101] €ýL
[2026-01-28T22:15:35] [t] [term://~/Code/sandbox/golang//71856:lazygit ;#toggleterm#101] €ýL
[2026-01-28T22:15:35] [t] [term://~/Code/sandbox/golang//71856:lazygit ;#toggleterm#101] €ýL
[2026-01-28T22:15:35] [t] [term://~/Code/sandbox/golang//71856:lazygit ;#toggleterm#101] €ýL
[2026-01-28T22:15:35] [t] [term://~/Code/sandbox/golang//71856:lazygit ;#toggleterm#101] €ýL
[2026-01-28T22:15:35] [t] [term://~/Code/sandbox/golang//71856:lazygit ;#toggleterm#101] €ýL
[2026-01-28T22:15:35] [t] [term://~/Code/sandbox/golang//71856:lazygit ;#toggleterm#101] €ýL
[2026-01-28T22:15:35] [t] [term://~/Code/sandbox/golang//71856:lazygit ;#toggleterm#101] €ýL
[2026-01-28T22:15:35] [t] [term://~/Code/sandbox/golang//71856:lazygit ;#toggleterm#101] €ýL
[2026-01-28T22:15:35] [t] [term://~/Code/sandbox/golang//71856:lazygit ;#toggleterm#101] €ýL
[2026-01-28T22:15:36] [t] [term://~/Code/sandbox/golang//71856:lazygit ;#toggleterm#101] €ýL
[2026-01-28T22:15:36] [t] [term://~/Code/sandbox/golang//71856:lazygit ;#toggleterm#101] €ýL
[2026-01-28T22:15:36] [t] [term://~/Code/sandbox/golang//71856:lazygit ;#toggleterm#101] €ýL
[2026-01-28T22:15:36] [t] [term://~/Code/sandbox/golang//71856:lazygit ;#toggleterm#101] €ýL
[2026-01-28T22:15:36] [t] [term://~/Code/sandbox/golang//71856:lazygit ;#toggleterm#101] €ýL
[2026-01-28T22:15:36] [t] [term://~/Code/sandbox/golang//71856:lazygit ;#toggleterm#101] €ýL
[2026-01-28T22:15:36] [t] [term://~/Code/sandbox/golang//71856:lazygit ;#toggleterm#101] €ýL
[2026-01-28T22:15:37] [t] [term://~/Code/sandbox/golang//71856:lazygit ;#toggleterm#101] €ýL
[2026-01-28T22:15:37] [t] [term://~/Code/sandbox/golang//71856:lazygit ;#toggleterm#101] €ýL
[2026-01-28T22:15:37] [t] [term://~/Code/sandbox/golang//71856:lazygit ;#toggleterm#101] €ýL
[2026-01-28T22:15:37] [t] [term://~/Code/sandbox/golang//71856:lazygit ;#toggleterm#101] €ýL
[2026-01-28T22:15:37] [t] [term://~/Code/sandbox/golang//71856:lazygit ;#toggleterm#101] €ýL
[2026-01-28T22:15:37] [t] [term://~/Code/sandbox/golang//71856:lazygit ;#toggleterm#101] €ýL
[2026-01-28T22:15:37] [t] [term://~/Code/sandbox/golang//71856:lazygit ;#toggleterm#101] €ýL
[2026-01-28T22:15:37] [t] [term://~/Code/sandbox/golang//71856:lazygit ;#toggleterm#101] €ýL
[2026-01-28T22:15:37] [t] [term://~/Code/sandbox/golang//71856:lazygit ;#toggleterm#101] €ýL
[2026-01-28T22:15:37] [t] [term://~/Code/sandbox/golang//71856:lazygit ;#toggleterm#101] €ýL
[2026-01-28T22:15:37] [t] [term://~/Code/sandbox/golang//71856:lazygit ;#toggleterm#101] €ýN
[2026-01-28T22:15:37] [t] [term://~/Code/sandbox/golang//71856:lazygit ;#toggleterm#101] €ýL
[2026-01-28T22:15:37] [t] [term://~/Code/sandbox/golang//71856:lazygit ;#toggleterm#101] €ýL
[2026-01-28T22:15:37] [t] [term://~/Code/sandbox/golang//71856:lazygit ;#toggleterm#101] €ýL
[2026-01-28T22:15:38] [t] [term://~/Code/sandbox/golang//71856:lazygit ;#toggleterm#101] €ýL
[2026-01-28T22:15:38] [t] [term://~/Code/sandbox/golang//71856:lazygit ;#toggleterm#101] €ýL
[2026-01-28T22:15:38] [t] [term://~/Code/sandbox/golang//71856:lazygit ;#toggleterm#101] €ýL
[2026-01-28T22:15:38] [t] [term://~/Code/sandbox/golang//71856:lazygit ;#toggleterm#101] €ýL
[2026-01-28T22:15:38] [t] [term://~/Code/sandbox/golang//71856:lazygit ;#toggleterm#101] €ýL
[2026-01-28T22:15:38] [t] [term://~/Code/sandbox/golang//71856:lazygit ;#toggleterm#101] €ýL
[2026-01-28T22:15:38] [t] [term://~/Code/sandbox/golang//71856:lazygit ;#toggleterm#101] €ýL
[2026-01-28T22:15:38] [t] [term://~/Code/sandbox/golang//71856:lazygit ;#toggleterm#101] €ýL
[2026-01-28T22:15:38] [t] [term://~/Code/sandbox/golang//71856:lazygit ;#toggleterm#101] €ýL
[2026-01-28T22:15:38] [t] [term://~/Code/sandbox/golang//71856:lazygit ;#toggleterm#101] €ýL
[2026-01-28T22:15:38] [t] [term://~/Code/sandbox/golang//71856:lazygit ;#toggleterm#101] €ýL
[2026-01-28T22:15:38] [t] [term://~/Code/sandbox/golang//71856:lazygit ;#toggleterm#101] €ýL
[2026-01-28T22:15:38] [t] [term://~/Code/sandbox/golang//71856:lazygit ;#toggleterm#101] €ýL
[2026-01-28T22:15:38] [t] [term://~/Code/sandbox/golang//71856:lazygit ;#toggleterm#101] €ýL
[2026-01-28T22:15:38] [t] [term://~/Code/sandbox/golang//71856:lazygit ;#toggleterm#101] €ýL
[2026-01-28T22:15:38] [t] [term://~/Code/sandbox/golang//71856:lazygit ;#toggleterm#101] €ýL
[2026-01-28T22:15:39] [t] [term://~/Code/sandbox/golang//71856:lazygit ;#toggleterm#101] €ýL
[2026-01-28T22:15:39] [t] [term://~/Code/sandbox/golang//71856:lazygit ;#toggleterm#101] €ýL
[2026-01-28T22:15:39] [t] [term://~/Code/sandbox/golang//71856:lazygit ;#toggleterm#101] €ýN
[2026-01-28T22:15:39] [t] [term://~/Code/sandbox/golang//71856:lazygit ;#toggleterm#101] €ýL
[2026-01-28T22:15:39] [t] [term://~/Code/sandbox/golang//71856:lazygit ;#toggleterm#101] €ýN
[2026-01-28T22:15:39] [t] [term://~/Code/sandbox/golang//71856:lazygit ;#toggleterm#101] €ýN
[2026-01-28T22:15:39] [t] [term://~/Code/sandbox/golang//71856:lazygit ;#toggleterm#101] €ýN
[2026-01-28T22:15:39] [t] [term://~/Code/sandbox/golang//71856:lazygit ;#toggleterm#101] €ýN
[2026-01-28T22:15:39] [t] [term://~/Code/sandbox/golang//71856:lazygit ;#toggleterm#101] €ýN
[2026-01-28T22:15:39] [t] [term://~/Code/sandbox/golang//71856:lazygit ;#toggleterm#101] €ýN
[2026-01-28T22:15:39] [t] [term://~/Code/sandbox/golang//71856:lazygit ;#toggleterm#101] €ýN
[2026-01-28T22:15:39] [t] [term://~/Code/sandbox/golang//71856:lazygit ;#toggleterm#101] €ýN
[2026-01-28T22:15:39] [t] [term://~/Code/sandbox/golang//71856:lazygit ;#toggleterm#101] €ýN
[2026-01-28T22:15:39] [t] [term://~/Code/sandbox/golang//71856:lazygit ;#toggleterm#101] €ýN
[2026-01-28T22:15:39] [t] [term://~/Code/sandbox/golang//71856:lazygit ;#toggleterm#101] €ýN
[2026-01-28T22:15:39] [t] [term://~/Code/sandbox/golang//71856:lazygit ;#toggleterm#101] €ýN
[2026-01-28T22:15:39] [t] [term://~/Code/sandbox/golang//71856:lazygit ;#toggleterm#101] €ýN
[2026-01-28T22:15:39] [t] [term://~/Code/sandbox/golang//71856:lazygit ;#toggleterm#101] €ýN
[2026-01-28T22:15:39] [t] [term://~/Code/sandbox/golang//71856:lazygit ;#toggleterm#101] €ýN
[2026-01-28T22:15:39] [t] [term://~/Code/sandbox/golang//71856:lazygit ;#toggleterm#101] €ýN
[2026-01-28T22:15:39] [t] [term://~/Code/sandbox/golang//71856:lazygit ;#toggleterm#101] €ýN
[2026-01-28T22:15:39] [t] [term://~/Code/sandbox/golang//71856:lazygit ;#toggleterm#101] €ýN
[2026-01-28T22:15:39] [t] [term://~/Code/sandbox/golang//71856:lazygit ;#toggleterm#101] €ýN
[2026-01-28T22:15:39] [t] [term://~/Code/sandbox/golang//71856:lazygit ;#toggleterm#101] €ýN
[2026-01-28T22:15:39] [t] [term://~/Code/sandbox/golang//71856:lazygit ;#toggleterm#101] €ýN
[2026-01-28T22:15:39] [t] [term://~/Code/sandbox/golang//71856:lazygit ;#toggleterm#101] €ýN
[2026-01-28T22:15:39] [t] [term://~/Code/sandbox/golang//71856:lazygit ;#toggleterm#101] €ýN
[2026-01-28T22:15:39] [t] [term://~/Code/sandbox/golang//71856:lazygit ;#toggleterm#101] €ýN
[2026-01-28T22:15:41] [t] [term://~/Code/sandbox/golang//71856:lazygit ;#toggleterm#101] q
[2026-01-28T22:15:45] [n] [/Users/jarrodfolino/Code/sandbox/golang/main_test.go] 
